2023-03-08 15:04:43,855 - crossref_log - INFO - 
Nueva ejecución de CROSSREF:
2023-03-08 15:04:51,508 - crossref_log - INFO - 
Nueva ejecución de CROSSREF:
2023-03-08 15:06:29,223 - crossref_log - INFO - 
New CROSSREF execution:
2023-03-08 15:10:26,942 - crossref_log - INFO - 
New CROSSREF execution:
2023-03-08 15:11:37,440 - crossref_log - INFO - 
New CROSSREF execution:
2023-03-08 15:12:06,027 - crossref_log - INFO - 
New CROSSREF execution:
2023-03-08 15:13:57,554 - crossref_log - INFO - 
New CROSSREF execution:
2023-03-08 15:14:08,792 - crossref_log - INFO - 
New CROSSREF execution:
2023-03-08 15:14:15,609 - crossref_log - INFO - 
New CROSSREF execution:
2023-03-08 15:14:45,266 - crossref_log - INFO - 
New CROSSREF execution:
2023-03-08 15:14:56,131 - crossref_log - INFO - 
New CROSSREF execution:
2023-03-08 15:15:44,625 - crossref_log - INFO - 
New CROSSREF execution:
2023-03-08 15:16:04,134 - crossref_log - INFO - 
New CROSSREF execution:
2023-03-08 15:18:12,325 - crossref_log - INFO - 
New CROSSREF execution:
2023-03-08 15:18:19,530 - crossref_log - INFO - 
New CROSSREF execution:
2023-03-08 15:18:20,142 - crossref_log - INFO - Extracción de la revista Patterns
2023-03-08 15:18:20,143 - crossref_log - INFO - [TIME] La hora de comienzo es: 15:18:20.143628
2023-03-08 15:18:24,137 - crossref_log - INFO - [TIME] La hora de finalización es: 15:18:24.137915
2023-03-08 15:18:24,137 - crossref_log - INFO - [TIME] El tiempo que ha tardado es: 0:00:03.994287
2023-03-08 15:18:24,661 - crossref_log - INFO - Extracción de la revista International Journal of Software Science and Computational Intelligence-IJSSCI
2023-03-08 15:18:24,662 - crossref_log - INFO - [TIME] La hora de comienzo es: 15:18:24.662680
2023-03-08 15:18:31,082 - crossref_log - INFO - [TIME] La hora de finalización es: 15:18:31.082917
2023-03-08 15:18:31,082 - crossref_log - INFO - [TIME] El tiempo que ha tardado es: 0:00:06.420237
2023-03-08 15:18:31,605 - crossref_log - INFO - Extracción de la revista AI & Society
2023-03-08 15:18:31,606 - crossref_log - INFO - [TIME] La hora de comienzo es: 15:18:31.606511
2023-03-08 15:18:54,962 - crossref_log - INFO - [TIME] La hora de finalización es: 15:18:54.962672
2023-03-08 15:18:54,963 - crossref_log - INFO - [TIME] El tiempo que ha tardado es: 0:00:23.356161
2023-03-08 15:18:55,437 - crossref_log - INFO - Extracción de la revista Web Intelligence
2023-03-08 15:18:55,437 - crossref_log - INFO - [TIME] La hora de comienzo es: 15:18:55.437239
2023-03-08 15:18:59,084 - crossref_log - INFO - [TIME] La hora de finalización es: 15:18:59.084127
2023-03-08 15:18:59,084 - crossref_log - INFO - [TIME] El tiempo que ha tardado es: 0:00:03.646888
2023-03-08 15:18:59,732 - crossref_log - INFO - Extracción de la revista Granular Computing
2023-03-08 15:18:59,732 - crossref_log - INFO - [TIME] La hora de comienzo es: 15:18:59.732653
2023-03-08 15:19:03,024 - crossref_log - INFO - [TIME] La hora de finalización es: 15:19:03.024178
2023-03-08 15:19:03,024 - crossref_log - INFO - [TIME] El tiempo que ha tardado es: 0:00:03.291525
2023-03-08 15:19:04,251 - crossref_log - INFO - Extracción de la revista MACHINE TRANSLATION
2023-03-08 15:19:04,252 - crossref_log - INFO - [TIME] La hora de comienzo es: 15:19:04.252276
2023-03-08 15:19:14,181 - crossref_log - INFO - [TIME] La hora de finalización es: 15:19:14.181917
2023-03-08 15:19:14,181 - crossref_log - INFO - [TIME] El tiempo que ha tardado es: 0:00:09.929641
2023-03-08 15:19:14,729 - crossref_log - INFO - Extracción de la revista Argument & Computation
2023-03-08 15:19:14,730 - crossref_log - INFO - [TIME] La hora de comienzo es: 15:19:14.730624
2023-03-08 15:19:16,351 - crossref_log - INFO - [TIME] La hora de finalización es: 15:19:16.351816
2023-03-08 15:19:16,352 - crossref_log - INFO - [TIME] El tiempo que ha tardado es: 0:00:01.621192
2023-03-08 15:19:16,992 - crossref_log - INFO - Extracción de la revista Kunstliche Intelligenz
2023-03-08 15:19:16,993 - crossref_log - INFO - [TIME] La hora de comienzo es: 15:19:16.993164
2023-03-08 15:19:20,756 - crossref_log - INFO - [TIME] La hora de finalización es: 15:19:20.756828
2023-03-08 15:19:20,756 - crossref_log - INFO - [TIME] El tiempo que ha tardado es: 0:00:03.763664
2023-03-08 15:19:21,330 - crossref_log - INFO - Extracción de la revista Intelligenza Artificiale
2023-03-08 15:19:21,331 - crossref_log - INFO - [TIME] La hora de comienzo es: 15:19:21.331846
2023-03-08 15:19:22,870 - crossref_log - INFO - [TIME] La hora de finalización es: 15:19:22.870446
2023-03-08 15:19:22,870 - crossref_log - INFO - [TIME] El tiempo que ha tardado es: 0:00:01.538600
2023-03-08 15:19:23,415 - crossref_log - INFO - Extracción de la revista Advances in Fuzzy Systems
2023-03-08 15:19:23,416 - crossref_log - INFO - [TIME] La hora de comienzo es: 15:19:23.416471
2023-03-08 15:19:25,834 - crossref_log - INFO - [TIME] La hora de finalización es: 15:19:25.834891
2023-03-08 15:19:25,834 - crossref_log - INFO - [TIME] El tiempo que ha tardado es: 0:00:02.418420
2023-03-08 15:19:26,402 - crossref_log - INFO - Extracción de la revista Evolutionary Intelligence
2023-03-08 15:19:26,404 - crossref_log - INFO - [TIME] La hora de comienzo es: 15:19:26.403329
2023-03-08 15:19:32,640 - crossref_log - INFO - [TIME] La hora de finalización es: 15:19:32.640134
2023-03-08 15:19:32,640 - crossref_log - INFO - [TIME] El tiempo que ha tardado es: 0:00:06.236805
2023-03-08 15:19:33,200 - crossref_log - INFO - Extracción de la revista Quantum Machine Intelligence
2023-03-08 15:19:33,201 - crossref_log - INFO - [TIME] La hora de comienzo es: 15:19:33.201367
2023-03-08 15:19:36,872 - crossref_log - INFO - [TIME] La hora de finalización es: 15:19:36.872643
2023-03-08 15:19:36,873 - crossref_log - INFO - [TIME] El tiempo que ha tardado es: 0:00:03.671276
2023-03-08 15:19:37,431 - crossref_log - INFO - Extracción de la revista Journal of Intelligent Systems
2023-03-08 15:19:37,432 - crossref_log - INFO - [TIME] La hora de comienzo es: 15:19:37.432025
2023-03-08 15:19:42,470 - crossref_log - INFO - [TIME] La hora de finalización es: 15:19:42.470519
2023-03-08 15:19:42,470 - crossref_log - INFO - [TIME] El tiempo que ha tardado es: 0:00:05.038494
2023-03-08 15:19:43,246 - crossref_log - INFO - Extracción de la revista Big Data and Cognitive Computing
2023-03-08 15:19:43,247 - crossref_log - INFO - [TIME] La hora de comienzo es: 15:19:43.247098
2023-03-08 15:19:49,497 - crossref_log - INFO - [TIME] La hora de finalización es: 15:19:49.497397
2023-03-08 15:19:49,497 - crossref_log - INFO - [TIME] El tiempo que ha tardado es: 0:00:06.250299
2023-03-08 15:19:50,182 - crossref_log - INFO - Extracción de la revista International Journal of Biometrics
2023-03-08 15:19:50,184 - crossref_log - INFO - [TIME] La hora de comienzo es: 15:19:50.184726
2023-03-08 15:19:54,139 - crossref_log - INFO - [TIME] La hora de finalización es: 15:19:54.139605
2023-03-08 15:19:54,139 - crossref_log - INFO - [TIME] El tiempo que ha tardado es: 0:00:03.954879
2023-03-08 15:19:54,618 - crossref_log - INFO - Extracción de la revista Progress in Artificial Intelligence
2023-03-08 15:19:54,618 - crossref_log - INFO - [TIME] La hora de comienzo es: 15:19:54.618799
2023-03-08 15:19:58,932 - crossref_log - INFO - [TIME] La hora de finalización es: 15:19:58.932919
2023-03-08 15:19:58,932 - crossref_log - INFO - [TIME] El tiempo que ha tardado es: 0:00:04.314120
2023-03-08 15:19:59,720 - crossref_log - INFO - Extracción de la revista Vietnam Journal of Computer Science
2023-03-08 15:19:59,721 - crossref_log - INFO - [TIME] La hora de comienzo es: 15:19:59.721484
2023-03-08 15:20:01,879 - crossref_log - INFO - [TIME] La hora de finalización es: 15:20:01.879389
2023-03-08 15:20:01,879 - crossref_log - INFO - [TIME] El tiempo que ha tardado es: 0:00:02.157905
2023-03-08 15:20:02,452 - crossref_log - INFO - Extracción de la revista Frontiers in Artificial Intelligence
2023-03-08 15:20:02,453 - crossref_log - INFO - [TIME] La hora de comienzo es: 15:20:02.453794
2023-03-08 15:20:09,953 - crossref_log - INFO - [TIME] La hora de finalización es: 15:20:09.953526
2023-03-08 15:20:09,953 - crossref_log - INFO - [TIME] El tiempo que ha tardado es: 0:00:07.499732
2023-03-08 15:20:10,439 - crossref_log - INFO - Extracción de la revista Advances in Human-Computer Interaction
2023-03-08 15:20:10,440 - crossref_log - INFO - [TIME] La hora de comienzo es: 15:20:10.440569
2023-03-08 15:20:11,996 - crossref_log - INFO - [TIME] La hora de finalización es: 15:20:11.996410
2023-03-08 15:20:11,997 - crossref_log - INFO - [TIME] El tiempo que ha tardado es: 0:00:01.555841
2023-03-08 15:20:12,524 - crossref_log - INFO - Extracción de la revista Multimodal Technologies and Interaction
2023-03-08 15:20:12,525 - crossref_log - INFO - [TIME] La hora de comienzo es: 15:20:12.525174
2023-03-08 15:20:16,515 - crossref_log - INFO - [TIME] La hora de finalización es: 15:20:16.515686
2023-03-08 15:20:16,515 - crossref_log - INFO - [TIME] El tiempo que ha tardado es: 0:00:03.990512
2023-03-08 15:20:18,483 - crossref_log - INFO - Extracción de la revista Journal of Computer Science & Technology
2023-03-08 15:20:18,485 - crossref_log - INFO - [TIME] La hora de comienzo es: 15:20:18.484114
2023-03-08 15:20:20,049 - crossref_log - INFO - [TIME] La hora de finalización es: 15:20:20.049300
2023-03-08 15:20:20,050 - crossref_log - INFO - [TIME] El tiempo que ha tardado es: 0:00:01.565186
2023-03-08 15:20:20,598 - crossref_log - INFO - Extracción de la revista Machine Learning and Knowledge Extraction
2023-03-08 15:20:20,600 - crossref_log - INFO - [TIME] La hora de comienzo es: 15:20:20.599641
2023-03-08 15:20:22,627 - crossref_log - INFO - [TIME] La hora de finalización es: 15:20:22.627195
2023-03-08 15:20:22,627 - crossref_log - INFO - [TIME] El tiempo que ha tardado es: 0:00:02.027554
2023-03-08 15:20:23,135 - crossref_log - INFO - Extracción de la revista Foundations and Trends in Machine Learning
2023-03-08 15:20:23,135 - crossref_log - INFO - [TIME] La hora de comienzo es: 15:20:23.135958
2023-03-08 15:20:24,281 - crossref_log - INFO - [TIME] La hora de finalización es: 15:20:24.280971
2023-03-08 15:20:24,281 - crossref_log - INFO - [TIME] El tiempo que ha tardado es: 0:00:01.145013
2023-03-08 15:20:24,794 - crossref_log - INFO - Extracción de la revista International Journal of Semantic Computing
2023-03-08 15:20:24,796 - crossref_log - INFO - [TIME] La hora de comienzo es: 15:20:24.796529
2023-03-08 15:20:28,883 - crossref_log - INFO - [TIME] La hora de finalización es: 15:20:28.883137
2023-03-08 15:20:28,884 - crossref_log - INFO - [TIME] El tiempo que ha tardado es: 0:00:04.086608
2023-03-08 15:20:29,436 - crossref_log - INFO - Extracción de la revista Intelligent Decision Technologies-Netherlands
2023-03-08 15:20:29,436 - crossref_log - INFO - [TIME] La hora de comienzo es: 15:20:29.436857
2023-03-08 15:20:32,789 - crossref_log - INFO - [TIME] La hora de finalización es: 15:20:32.788020
2023-03-08 15:20:32,789 - crossref_log - INFO - [TIME] El tiempo que ha tardado es: 0:00:03.351163
2023-03-08 15:20:33,527 - crossref_log - ERROR - Error para "Foundations of Computing and Decision Sciences" al realizar la solicitud: 404
2023-03-08 15:20:34,110 - crossref_log - INFO - Extracción de la revista International Journal of Automation and Computing
2023-03-08 15:20:34,111 - crossref_log - INFO - [TIME] La hora de comienzo es: 15:20:34.111985
2023-03-08 15:20:41,901 - crossref_log - INFO - [TIME] La hora de finalización es: 15:20:41.901658
2023-03-08 15:20:41,901 - crossref_log - INFO - [TIME] El tiempo que ha tardado es: 0:00:07.789673
2023-03-08 15:20:42,380 - crossref_log - INFO - Extracción de la revista International Journal of Data Science and Analytics
2023-03-08 15:20:42,381 - crossref_log - INFO - [TIME] La hora de comienzo es: 15:20:42.381618
2023-03-08 15:20:45,867 - crossref_log - INFO - [TIME] La hora de finalización es: 15:20:45.867923
2023-03-08 15:20:45,867 - crossref_log - INFO - [TIME] El tiempo que ha tardado es: 0:00:03.486305
2023-03-08 15:20:46,718 - crossref_log - INFO - Extracción de la revista International Journal of Applied Pattern Recognition
2023-03-08 15:20:46,719 - crossref_log - INFO - [TIME] La hora de comienzo es: 15:20:46.719425
2023-03-08 15:20:47,411 - crossref_log - INFO - [TIME] La hora de finalización es: 15:20:47.411773
2023-03-08 15:20:47,412 - crossref_log - INFO - [TIME] El tiempo que ha tardado es: 0:00:00.692348
2023-03-08 15:20:47,962 - crossref_log - INFO - Extracción de la revista International Journal of Swarm Intelligence Research
2023-03-08 15:20:47,963 - crossref_log - INFO - [TIME] La hora de comienzo es: 15:20:47.962541
2023-03-08 15:20:49,662 - crossref_log - INFO - [TIME] La hora de finalización es: 15:20:49.662504
2023-03-08 15:20:49,662 - crossref_log - INFO - [TIME] El tiempo que ha tardado es: 0:00:01.699963
2023-03-08 15:20:50,241 - crossref_log - INFO - Extracción de la revista Applied Computational Intelligence and Soft Computing
2023-03-08 15:20:50,242 - crossref_log - INFO - [TIME] La hora de comienzo es: 15:20:50.242153
2023-03-08 15:20:52,253 - crossref_log - INFO - [TIME] La hora de finalización es: 15:20:52.253023
2023-03-08 15:20:52,253 - crossref_log - INFO - [TIME] El tiempo que ha tardado es: 0:00:02.010870
2023-03-08 15:20:52,811 - crossref_log - INFO - Extracción de la revista International Journal of System Dynamics Applications
2023-03-08 15:20:52,812 - crossref_log - INFO - [TIME] La hora de comienzo es: 15:20:52.812549
2023-03-08 15:20:54,495 - crossref_log - INFO - [TIME] La hora de finalización es: 15:20:54.495546
2023-03-08 15:20:54,495 - crossref_log - INFO - [TIME] El tiempo que ha tardado es: 0:00:01.682997
2023-03-08 15:20:55,046 - crossref_log - INFO - Extracción de la revista CCF Transactions on Pervasive Computing and Interaction
2023-03-08 15:20:55,047 - crossref_log - INFO - [TIME] La hora de comienzo es: 15:20:55.047067
2023-03-08 15:20:56,928 - crossref_log - INFO - [TIME] La hora de finalización es: 15:20:56.928323
2023-03-08 15:20:56,928 - crossref_log - INFO - [TIME] El tiempo que ha tardado es: 0:00:01.881256
2023-03-08 15:20:57,502 - crossref_log - INFO - Extracción de la revista IEEE Open Journal of Intelligent Transportation Systems
2023-03-08 15:20:57,503 - crossref_log - INFO - [TIME] La hora de comienzo es: 15:20:57.503070
2023-03-08 15:20:58,847 - crossref_log - INFO - [TIME] La hora de finalización es: 15:20:58.847335
2023-03-08 15:20:58,847 - crossref_log - INFO - [TIME] El tiempo que ha tardado es: 0:00:01.344265
2023-03-08 15:20:59,386 - crossref_log - INFO - Extracción de la revista International Journal of Applied Metaheuristic Computing
2023-03-08 15:20:59,387 - crossref_log - INFO - [TIME] La hora de comienzo es: 15:20:59.387414
2023-03-08 15:21:01,230 - crossref_log - INFO - [TIME] La hora de finalización es: 15:21:01.230046
2023-03-08 15:21:01,230 - crossref_log - INFO - [TIME] El tiempo que ha tardado es: 0:00:01.842632
2023-03-08 15:21:01,792 - crossref_log - INFO - Extracción de la revista International Journal of Data Mining Modelling and Management
2023-03-08 15:21:01,793 - crossref_log - INFO - [TIME] La hora de comienzo es: 15:21:01.793574
2023-03-08 15:21:06,383 - crossref_log - INFO - [TIME] La hora de finalización es: 15:21:06.383089
2023-03-08 15:21:06,383 - crossref_log - INFO - [TIME] El tiempo que ha tardado es: 0:00:04.589515
2023-03-08 15:21:06,870 - crossref_log - INFO - Extracción de la revista International Journal of Computational Intelligence and Applications
2023-03-08 15:21:06,871 - crossref_log - INFO - [TIME] La hora de comienzo es: 15:21:06.871336
2023-03-08 15:21:09,030 - crossref_log - INFO - [TIME] La hora de finalización es: 15:21:09.030025
2023-03-08 15:21:09,030 - crossref_log - INFO - [TIME] El tiempo que ha tardado es: 0:00:02.158689
2023-03-08 15:21:09,554 - crossref_log - ERROR - Error para "International Journal of Innovative Computing Information and Control" al realizar la solicitud: 404
2023-03-08 15:21:10,101 - crossref_log - INFO - Extracción de la revista International Journal of Cognitive Informatics and Natural Intelligence
2023-03-08 15:21:10,102 - crossref_log - INFO - [TIME] La hora de comienzo es: 15:21:10.102578
2023-03-08 15:21:14,540 - crossref_log - INFO - [TIME] La hora de finalización es: 15:21:14.540005
2023-03-08 15:21:14,540 - crossref_log - INFO - [TIME] El tiempo que ha tardado es: 0:00:04.437427
2023-03-08 15:21:15,168 - crossref_log - INFO - Extracción de la revista Inteligencia Artificial-Iberoamerical Journal of Artificial Intelligence
2023-03-08 15:21:15,169 - crossref_log - INFO - [TIME] La hora de comienzo es: 15:21:15.169137
2023-03-08 15:21:19,038 - crossref_log - INFO - [TIME] La hora de finalización es: 15:21:19.038225
2023-03-08 15:21:19,038 - crossref_log - INFO - [TIME] El tiempo que ha tardado es: 0:00:03.869088
2023-03-08 15:21:20,220 - crossref_log - INFO - Extracción de la revista Journal of Advanced Computational Intelligence and Intelligent Informatics
2023-03-08 15:21:20,220 - crossref_log - INFO - [TIME] La hora de comienzo es: 15:21:20.220806
2023-03-08 15:21:31,893 - crossref_log - INFO - [TIME] La hora de finalización es: 15:21:31.893757
2023-03-08 15:21:31,893 - crossref_log - INFO - [TIME] El tiempo que ha tardado es: 0:00:11.672951
2023-03-08 15:21:32,411 - crossref_log - INFO - Extracción de la revista ADCAIJ-Advances in Distributed Computing and Artificial Intelligence Journal
2023-03-08 15:21:32,412 - crossref_log - INFO - [TIME] La hora de comienzo es: 15:21:32.412353
2023-03-08 15:21:34,117 - crossref_log - INFO - [TIME] La hora de finalización es: 15:21:34.117376
2023-03-08 15:21:34,117 - crossref_log - INFO - [TIME] El tiempo que ha tardado es: 0:00:01.705023
2023-03-08 15:21:34,669 - crossref_log - INFO - Extracción de la revista International Journal of Knowledge-Based and Intelligent Engineering Systems
2023-03-08 15:21:34,670 - crossref_log - INFO - [TIME] La hora de comienzo es: 15:21:34.670921
2023-03-08 15:21:37,413 - crossref_log - INFO - [TIME] La hora de finalización es: 15:21:37.413193
2023-03-08 15:21:37,413 - crossref_log - INFO - [TIME] El tiempo que ha tardado es: 0:00:02.742272
2023-03-08 15:21:37,932 - crossref_log - INFO - Extracción de la revista Algorithms
2023-03-08 15:21:37,933 - crossref_log - INFO - [TIME] La hora de comienzo es: 15:21:37.933399
2023-03-08 15:21:51,269 - crossref_log - INFO - [TIME] La hora de finalización es: 15:21:51.269453
2023-03-08 15:21:51,269 - crossref_log - INFO - [TIME] El tiempo que ha tardado es: 0:00:13.336054
2023-03-08 15:29:08,327 - crossref_log - INFO - 
New CROSSREF execution:
2023-03-08 15:29:30,224 - crossref_log - INFO - 
New CROSSREF execution:
2023-03-08 15:29:34,122 - crossref_log - INFO - 
New CROSSREF execution:
2023-03-08 15:29:34,455 - crossref_log - INFO - 
New CROSSREF execution:
2023-03-08 15:29:34,687 - crossref_log - INFO - Extracción de la revista Patterns
2023-03-08 15:29:34,689 - crossref_log - INFO - [TIME] La hora de comienzo es: 15:29:34.688354
2023-03-08 15:29:39,447 - crossref_log - INFO - [TIME] La hora de finalización es: 15:29:39.447184
2023-03-08 15:29:39,447 - crossref_log - INFO - [TIME] El tiempo que ha tardado es: 0:00:04.758830
2023-03-08 15:29:39,987 - crossref_log - INFO - Extracción de la revista International Journal of Software Science and Computational Intelligence-IJSSCI
2023-03-08 15:29:39,988 - crossref_log - INFO - [TIME] La hora de comienzo es: 15:29:39.988436
2023-03-08 15:29:45,992 - crossref_log - INFO - [TIME] La hora de finalización es: 15:29:45.992485
2023-03-08 15:29:45,992 - crossref_log - INFO - [TIME] El tiempo que ha tardado es: 0:00:06.004049
2023-03-08 15:29:49,801 - crossref_log - INFO - Extracción de la revista AI & Society
2023-03-08 15:29:49,802 - crossref_log - INFO - [TIME] La hora de comienzo es: 15:29:49.802406
2023-03-08 15:29:55,381 - crossref_log - INFO - 
New CROSSREF execution:
2023-03-08 15:30:45,078 - crossref_log - INFO - [TIME] La hora de finalización es: 15:30:45.078741
2023-03-08 15:30:45,079 - crossref_log - INFO - [TIME] El tiempo que ha tardado es: 0:00:55.276335
2023-03-08 15:30:45,690 - crossref_log - INFO - Extracción de la revista Web Intelligence
2023-03-08 15:30:45,691 - crossref_log - INFO - [TIME] La hora de comienzo es: 15:30:45.691292
2023-03-08 15:30:53,292 - crossref_log - INFO - 
New CROSSREF execution:
2023-03-08 15:30:56,373 - crossref_log - INFO - [TIME] La hora de finalización es: 15:30:56.373927
2023-03-08 15:30:56,373 - crossref_log - INFO - [TIME] El tiempo que ha tardado es: 0:00:10.682635
2023-03-08 15:31:13,668 - crossref_log - INFO - Extracción de la revista Granular Computing
2023-03-08 15:31:13,669 - crossref_log - INFO - [TIME] La hora de comienzo es: 15:31:13.669329
2023-03-08 15:31:39,592 - crossref_log - INFO - 
New CROSSREF execution:
2023-03-08 15:31:46,955 - crossref_log - INFO - [TIME] La hora de finalización es: 15:31:46.955872
2023-03-08 15:31:46,957 - crossref_log - INFO - [TIME] El tiempo que ha tardado es: 0:00:33.286543
2023-03-08 15:31:47,547 - crossref_log - INFO - Extracción de la revista MACHINE TRANSLATION
2023-03-08 15:31:47,548 - crossref_log - INFO - [TIME] La hora de comienzo es: 15:31:47.548065
2023-03-08 15:31:50,562 - crossref_log - INFO - [TIME] La hora de finalización es: 15:31:50.562584
2023-03-08 15:31:50,562 - crossref_log - INFO - [TIME] El tiempo que ha tardado es: 0:00:03.014519
2023-03-08 15:31:51,105 - crossref_log - INFO - Extracción de la revista Argument & Computation
2023-03-08 15:31:51,105 - crossref_log - INFO - [TIME] La hora de comienzo es: 15:31:51.105983
2023-03-08 15:32:01,608 - crossref_log - INFO - [TIME] La hora de finalización es: 15:32:01.608875
2023-03-08 15:32:01,609 - crossref_log - INFO - [TIME] El tiempo que ha tardado es: 0:00:10.502892
2023-03-08 15:32:02,144 - crossref_log - INFO - Extracción de la revista Kunstliche Intelligenz
2023-03-08 15:32:02,145 - crossref_log - INFO - [TIME] La hora de comienzo es: 15:32:02.145650
2023-03-08 15:32:17,395 - crossref_log - INFO - [TIME] La hora de finalización es: 15:32:17.395855
2023-03-08 15:32:17,395 - crossref_log - INFO - [TIME] El tiempo que ha tardado es: 0:00:15.250205
2023-03-08 15:32:17,953 - crossref_log - INFO - Extracción de la revista Intelligenza Artificiale
2023-03-08 15:32:17,954 - crossref_log - INFO - [TIME] La hora de comienzo es: 15:32:17.954607
2023-03-08 15:32:24,352 - crossref_log - INFO - [TIME] La hora de finalización es: 15:32:24.352087
2023-03-08 15:32:24,352 - crossref_log - INFO - [TIME] El tiempo que ha tardado es: 0:00:06.397480
2023-03-08 15:32:24,913 - crossref_log - INFO - Extracción de la revista Advances in Fuzzy Systems
2023-03-08 15:32:24,914 - crossref_log - INFO - [TIME] La hora de comienzo es: 15:32:24.914570
2023-03-08 15:32:31,205 - crossref_log - INFO - [TIME] La hora de finalización es: 15:32:31.205534
2023-03-08 15:32:31,205 - crossref_log - INFO - [TIME] El tiempo que ha tardado es: 0:00:06.290964
2023-03-08 15:32:31,712 - crossref_log - INFO - Extracción de la revista Evolutionary Intelligence
2023-03-08 15:32:31,713 - crossref_log - INFO - [TIME] La hora de comienzo es: 15:32:31.713066
2023-03-08 15:32:36,876 - crossref_log - INFO - [TIME] La hora de finalización es: 15:32:36.876192
2023-03-08 15:32:36,876 - crossref_log - INFO - [TIME] El tiempo que ha tardado es: 0:00:05.163126
2023-03-08 15:32:37,853 - crossref_log - INFO - Extracción de la revista Quantum Machine Intelligence
2023-03-08 15:32:37,854 - crossref_log - INFO - [TIME] La hora de comienzo es: 15:32:37.854878
2023-03-08 15:32:44,797 - crossref_log - INFO - [TIME] La hora de finalización es: 15:32:44.797573
2023-03-08 15:32:44,798 - crossref_log - INFO - [TIME] El tiempo que ha tardado es: 0:00:06.942695
2023-03-08 15:32:45,324 - crossref_log - INFO - Extracción de la revista Journal of Intelligent Systems
2023-03-08 15:32:45,324 - crossref_log - INFO - [TIME] La hora de comienzo es: 15:32:45.324436
2023-03-08 15:32:58,021 - crossref_log - INFO - [TIME] La hora de finalización es: 15:32:58.021778
2023-03-08 15:32:58,021 - crossref_log - INFO - [TIME] El tiempo que ha tardado es: 0:00:12.697342
2023-03-08 15:33:01,266 - crossref_log - INFO - Extracción de la revista Big Data and Cognitive Computing
2023-03-08 15:33:01,267 - crossref_log - INFO - [TIME] La hora de comienzo es: 15:33:01.267053
2023-03-08 15:33:16,475 - crossref_log - INFO - [TIME] La hora de finalización es: 15:33:16.475622
2023-03-08 15:33:16,475 - crossref_log - INFO - [TIME] El tiempo que ha tardado es: 0:00:15.208569
2023-03-08 15:33:17,000 - crossref_log - INFO - Extracción de la revista International Journal of Biometrics
2023-03-08 15:33:17,001 - crossref_log - INFO - [TIME] La hora de comienzo es: 15:33:17.001002
2023-03-08 15:33:18,024 - crossref_log - INFO - [TIME] La hora de finalización es: 15:33:18.024386
2023-03-08 15:33:18,024 - crossref_log - INFO - [TIME] El tiempo que ha tardado es: 0:00:01.023384
2023-03-08 15:33:18,539 - crossref_log - INFO - Extracción de la revista Progress in Artificial Intelligence
2023-03-08 15:33:18,540 - crossref_log - INFO - [TIME] La hora de comienzo es: 15:33:18.540676
2023-03-08 15:33:22,053 - crossref_log - INFO - [TIME] La hora de finalización es: 15:33:22.053447
2023-03-08 15:33:22,053 - crossref_log - INFO - [TIME] El tiempo que ha tardado es: 0:00:03.512771
2023-03-08 15:33:22,594 - crossref_log - INFO - Extracción de la revista Vietnam Journal of Computer Science
2023-03-08 15:33:22,594 - crossref_log - INFO - [TIME] La hora de comienzo es: 15:33:22.594757
2023-03-08 15:33:24,319 - crossref_log - INFO - [TIME] La hora de finalización es: 15:33:24.319869
2023-03-08 15:33:24,319 - crossref_log - INFO - [TIME] El tiempo que ha tardado es: 0:00:01.725112
2023-03-08 15:33:24,881 - crossref_log - INFO - Extracción de la revista Frontiers in Artificial Intelligence
2023-03-08 15:33:24,881 - crossref_log - INFO - [TIME] La hora de comienzo es: 15:33:24.881652
2023-03-08 15:33:32,317 - crossref_log - INFO - [TIME] La hora de finalización es: 15:33:32.317454
2023-03-08 15:33:32,318 - crossref_log - INFO - [TIME] El tiempo que ha tardado es: 0:00:07.435802
2023-03-08 15:33:32,822 - crossref_log - INFO - Extracción de la revista Advances in Human-Computer Interaction
2023-03-08 15:33:32,824 - crossref_log - INFO - [TIME] La hora de comienzo es: 15:33:32.823828
2023-03-08 15:33:34,364 - crossref_log - INFO - [TIME] La hora de finalización es: 15:33:34.364332
2023-03-08 15:33:34,364 - crossref_log - INFO - [TIME] El tiempo que ha tardado es: 0:00:01.540504
2023-03-08 15:33:34,947 - crossref_log - INFO - Extracción de la revista Multimodal Technologies and Interaction
2023-03-08 15:33:34,948 - crossref_log - INFO - [TIME] La hora de comienzo es: 15:33:34.948118
2023-03-08 15:33:37,737 - crossref_log - INFO - [TIME] La hora de finalización es: 15:33:37.737392
2023-03-08 15:33:37,737 - crossref_log - INFO - [TIME] El tiempo que ha tardado es: 0:00:02.789274
2023-03-08 15:33:38,356 - crossref_log - INFO - Extracción de la revista Journal of Computer Science & Technology
2023-03-08 15:33:38,358 - crossref_log - INFO - [TIME] La hora de comienzo es: 15:33:38.357188
2023-03-08 15:33:39,575 - crossref_log - INFO - [TIME] La hora de finalización es: 15:33:39.575799
2023-03-08 15:33:39,575 - crossref_log - INFO - [TIME] El tiempo que ha tardado es: 0:00:01.218611
2023-03-08 15:33:40,099 - crossref_log - INFO - Extracción de la revista Machine Learning and Knowledge Extraction
2023-03-08 15:33:40,100 - crossref_log - INFO - [TIME] La hora de comienzo es: 15:33:40.100304
2023-03-08 15:33:43,188 - crossref_log - INFO - [TIME] La hora de finalización es: 15:33:43.188942
2023-03-08 15:33:43,188 - crossref_log - INFO - [TIME] El tiempo que ha tardado es: 0:00:03.088638
2023-03-08 15:33:43,722 - crossref_log - INFO - Extracción de la revista Foundations and Trends in Machine Learning
2023-03-08 15:33:43,723 - crossref_log - INFO - [TIME] La hora de comienzo es: 15:33:43.723218
2023-03-08 15:33:44,361 - crossref_log - INFO - [TIME] La hora de finalización es: 15:33:44.361355
2023-03-08 15:33:44,361 - crossref_log - INFO - [TIME] El tiempo que ha tardado es: 0:00:00.638137
2023-03-08 15:33:44,893 - crossref_log - INFO - Extracción de la revista International Journal of Semantic Computing
2023-03-08 15:33:44,894 - crossref_log - INFO - [TIME] La hora de comienzo es: 15:33:44.894772
2023-03-08 15:33:46,799 - crossref_log - INFO - [TIME] La hora de finalización es: 15:33:46.799247
2023-03-08 15:33:46,799 - crossref_log - INFO - [TIME] El tiempo que ha tardado es: 0:00:01.904475
2023-03-08 15:33:47,326 - crossref_log - INFO - Extracción de la revista Intelligent Decision Technologies-Netherlands
2023-03-08 15:33:47,327 - crossref_log - INFO - [TIME] La hora de comienzo es: 15:33:47.327687
2023-03-08 15:33:49,938 - crossref_log - INFO - [TIME] La hora de finalización es: 15:33:49.938019
2023-03-08 15:33:49,938 - crossref_log - INFO - [TIME] El tiempo que ha tardado es: 0:00:02.610332
2023-03-08 15:33:50,456 - crossref_log - ERROR - Error para "Foundations of Computing and Decision Sciences" al realizar la solicitud: 404
2023-03-08 15:33:50,995 - crossref_log - INFO - Extracción de la revista International Journal of Automation and Computing
2023-03-08 15:33:50,996 - crossref_log - INFO - [TIME] La hora de comienzo es: 15:33:50.996639
2023-03-08 15:33:58,564 - crossref_log - INFO - [TIME] La hora de finalización es: 15:33:58.564652
2023-03-08 15:33:58,565 - crossref_log - INFO - [TIME] El tiempo que ha tardado es: 0:00:07.568013
2023-03-08 15:33:59,078 - crossref_log - INFO - Extracción de la revista International Journal of Data Science and Analytics
2023-03-08 15:33:59,079 - crossref_log - INFO - [TIME] La hora de comienzo es: 15:33:59.079911
2023-03-08 15:34:02,591 - crossref_log - INFO - [TIME] La hora de finalización es: 15:34:02.591553
2023-03-08 15:34:02,591 - crossref_log - INFO - [TIME] El tiempo que ha tardado es: 0:00:03.511642
2023-03-08 15:34:03,125 - crossref_log - INFO - Extracción de la revista International Journal of Applied Pattern Recognition
2023-03-08 15:34:03,126 - crossref_log - INFO - [TIME] La hora de comienzo es: 15:34:03.126949
2023-03-08 15:34:03,960 - crossref_log - INFO - [TIME] La hora de finalización es: 15:34:03.960024
2023-03-08 15:34:03,960 - crossref_log - INFO - [TIME] El tiempo que ha tardado es: 0:00:00.833075
2023-03-08 15:34:04,475 - crossref_log - INFO - Extracción de la revista International Journal of Swarm Intelligence Research
2023-03-08 15:34:04,476 - crossref_log - INFO - [TIME] La hora de comienzo es: 15:34:04.476965
2023-03-08 15:34:06,243 - crossref_log - INFO - [TIME] La hora de finalización es: 15:34:06.243617
2023-03-08 15:34:06,243 - crossref_log - INFO - [TIME] El tiempo que ha tardado es: 0:00:01.766652
2023-03-08 15:34:06,775 - crossref_log - INFO - Extracción de la revista Applied Computational Intelligence and Soft Computing
2023-03-08 15:34:06,775 - crossref_log - INFO - [TIME] La hora de comienzo es: 15:34:06.775541
2023-03-08 15:34:08,569 - crossref_log - INFO - [TIME] La hora de finalización es: 15:34:08.569537
2023-03-08 15:34:08,569 - crossref_log - INFO - [TIME] El tiempo que ha tardado es: 0:00:01.793996
2023-03-08 15:34:09,127 - crossref_log - INFO - Extracción de la revista International Journal of System Dynamics Applications
2023-03-08 15:34:09,128 - crossref_log - INFO - [TIME] La hora de comienzo es: 15:34:09.128772
2023-03-08 15:34:11,147 - crossref_log - INFO - [TIME] La hora de finalización es: 15:34:11.147679
2023-03-08 15:34:11,147 - crossref_log - INFO - [TIME] El tiempo que ha tardado es: 0:00:02.018907
2023-03-08 15:34:11,689 - crossref_log - INFO - Extracción de la revista CCF Transactions on Pervasive Computing and Interaction
2023-03-08 15:34:11,690 - crossref_log - INFO - [TIME] La hora de comienzo es: 15:34:11.690584
2023-03-08 15:34:13,521 - crossref_log - INFO - [TIME] La hora de finalización es: 15:34:13.521393
2023-03-08 15:34:13,521 - crossref_log - INFO - [TIME] El tiempo que ha tardado es: 0:00:01.830809
2023-03-08 15:34:14,077 - crossref_log - INFO - Extracción de la revista IEEE Open Journal of Intelligent Transportation Systems
2023-03-08 15:34:14,078 - crossref_log - INFO - [TIME] La hora de comienzo es: 15:34:14.078883
2023-03-08 15:34:15,149 - crossref_log - INFO - [TIME] La hora de finalización es: 15:34:15.149222
2023-03-08 15:34:15,149 - crossref_log - INFO - [TIME] El tiempo que ha tardado es: 0:00:01.070339
2023-03-08 15:34:15,719 - crossref_log - INFO - Extracción de la revista International Journal of Applied Metaheuristic Computing
2023-03-08 15:34:15,721 - crossref_log - INFO - [TIME] La hora de comienzo es: 15:34:15.720366
2023-03-08 15:34:17,489 - crossref_log - INFO - [TIME] La hora de finalización es: 15:34:17.489449
2023-03-08 15:34:17,490 - crossref_log - INFO - [TIME] El tiempo que ha tardado es: 0:00:01.769083
2023-03-08 15:34:18,027 - crossref_log - INFO - Extracción de la revista International Journal of Data Mining Modelling and Management
2023-03-08 15:34:18,028 - crossref_log - INFO - [TIME] La hora de comienzo es: 15:34:18.028830
2023-03-08 15:34:19,163 - crossref_log - INFO - [TIME] La hora de finalización es: 15:34:19.163053
2023-03-08 15:34:19,163 - crossref_log - INFO - [TIME] El tiempo que ha tardado es: 0:00:01.134223
2023-03-08 15:34:19,693 - crossref_log - INFO - Extracción de la revista International Journal of Computational Intelligence and Applications
2023-03-08 15:34:19,693 - crossref_log - INFO - [TIME] La hora de comienzo es: 15:34:19.693801
2023-03-08 15:34:22,717 - crossref_log - INFO - [TIME] La hora de finalización es: 15:34:22.717423
2023-03-08 15:34:22,717 - crossref_log - INFO - [TIME] El tiempo que ha tardado es: 0:00:03.023622
2023-03-08 15:34:23,218 - crossref_log - ERROR - Error para "International Journal of Innovative Computing Information and Control" al realizar la solicitud: 404
2023-03-08 15:34:23,708 - crossref_log - INFO - Extracción de la revista International Journal of Cognitive Informatics and Natural Intelligence
2023-03-08 15:34:23,708 - crossref_log - INFO - [TIME] La hora de comienzo es: 15:34:23.708223
2023-03-08 15:34:25,500 - crossref_log - INFO - [TIME] La hora de finalización es: 15:34:25.500671
2023-03-08 15:34:25,500 - crossref_log - INFO - [TIME] El tiempo que ha tardado es: 0:00:01.792448
2023-03-08 15:34:26,026 - crossref_log - INFO - Extracción de la revista Inteligencia Artificial-Iberoamerical Journal of Artificial Intelligence
2023-03-08 15:34:26,027 - crossref_log - INFO - [TIME] La hora de comienzo es: 15:34:26.027230
2023-03-08 15:34:27,463 - crossref_log - INFO - [TIME] La hora de finalización es: 15:34:27.463490
2023-03-08 15:34:27,463 - crossref_log - INFO - [TIME] El tiempo que ha tardado es: 0:00:01.436260
2023-03-08 15:34:27,984 - crossref_log - INFO - Extracción de la revista Journal of Advanced Computational Intelligence and Intelligent Informatics
2023-03-08 15:34:27,985 - crossref_log - INFO - [TIME] La hora de comienzo es: 15:34:27.985492
2023-03-08 15:34:43,514 - crossref_log - INFO - [TIME] La hora de finalización es: 15:34:43.514134
2023-03-08 15:34:43,514 - crossref_log - INFO - [TIME] El tiempo que ha tardado es: 0:00:15.528642
2023-03-08 15:34:43,981 - crossref_log - INFO - Extracción de la revista ADCAIJ-Advances in Distributed Computing and Artificial Intelligence Journal
2023-03-08 15:34:43,981 - crossref_log - INFO - [TIME] La hora de comienzo es: 15:34:43.981925
2023-03-08 15:34:46,452 - crossref_log - INFO - [TIME] La hora de finalización es: 15:34:46.452494
2023-03-08 15:34:46,452 - crossref_log - INFO - [TIME] El tiempo que ha tardado es: 0:00:02.470569
2023-03-08 15:34:46,988 - crossref_log - INFO - Extracción de la revista International Journal of Knowledge-Based and Intelligent Engineering Systems
2023-03-08 15:34:46,989 - crossref_log - INFO - [TIME] La hora de comienzo es: 15:34:46.989433
2023-03-08 15:34:49,330 - crossref_log - INFO - [TIME] La hora de finalización es: 15:34:49.330678
2023-03-08 15:34:49,330 - crossref_log - INFO - [TIME] El tiempo que ha tardado es: 0:00:02.341245
2023-03-08 15:34:49,872 - crossref_log - INFO - Extracción de la revista Algorithms
2023-03-08 15:34:49,872 - crossref_log - INFO - [TIME] La hora de comienzo es: 15:34:49.872789
2023-03-08 15:35:00,050 - crossref_log - INFO - [TIME] La hora de finalización es: 15:35:00.050101
2023-03-08 15:35:00,050 - crossref_log - INFO - [TIME] El tiempo que ha tardado es: 0:00:10.177312
2023-03-08 15:35:08,428 - crossref_log - INFO - 
New CROSSREF execution:
2023-03-08 15:35:08,964 - crossref_log - INFO - Extracción de la revista Patterns
2023-03-08 15:35:08,965 - crossref_log - INFO - [TIME] La hora de comienzo es: 15:35:08.965871
2023-03-08 15:35:12,448 - crossref_log - INFO - [TIME] La hora de finalización es: 15:35:12.448101
2023-03-08 15:35:12,448 - crossref_log - INFO - [TIME] El tiempo que ha tardado es: 0:00:03.482230
2023-03-08 15:35:13,148 - crossref_log - INFO - Extracción de la revista International Journal of Software Science and Computational Intelligence-IJSSCI
2023-03-08 15:35:13,149 - crossref_log - INFO - [TIME] La hora de comienzo es: 15:35:13.149672
2023-03-08 15:35:16,211 - crossref_log - INFO - [TIME] La hora de finalización es: 15:35:16.211652
2023-03-08 15:35:16,211 - crossref_log - INFO - [TIME] El tiempo que ha tardado es: 0:00:03.061980
2023-03-08 15:35:16,743 - crossref_log - INFO - Extracción de la revista AI & Society
2023-03-08 15:35:16,745 - crossref_log - INFO - [TIME] La hora de comienzo es: 15:35:16.744261
2023-03-08 15:35:26,902 - crossref_log - INFO - [TIME] La hora de finalización es: 15:35:26.902408
2023-03-08 15:35:26,902 - crossref_log - INFO - [TIME] El tiempo que ha tardado es: 0:00:10.158147
2023-03-08 15:35:27,981 - crossref_log - INFO - Extracción de la revista Web Intelligence
2023-03-08 15:35:27,982 - crossref_log - INFO - [TIME] La hora de comienzo es: 15:35:27.982024
2023-03-08 15:35:29,591 - crossref_log - INFO - [TIME] La hora de finalización es: 15:35:29.591083
2023-03-08 15:35:29,591 - crossref_log - INFO - [TIME] El tiempo que ha tardado es: 0:00:01.609059
2023-03-08 15:35:30,085 - crossref_log - INFO - Extracción de la revista Granular Computing
2023-03-08 15:35:30,085 - crossref_log - INFO - [TIME] La hora de comienzo es: 15:35:30.085489
2023-03-08 15:35:33,445 - crossref_log - INFO - [TIME] La hora de finalización es: 15:35:33.445724
2023-03-08 15:35:33,446 - crossref_log - INFO - [TIME] El tiempo que ha tardado es: 0:00:03.360235
2023-03-08 15:35:34,025 - crossref_log - INFO - Extracción de la revista MACHINE TRANSLATION
2023-03-08 15:35:34,025 - crossref_log - INFO - [TIME] La hora de comienzo es: 15:35:34.025496
2023-03-08 15:35:36,152 - crossref_log - INFO - [TIME] La hora de finalización es: 15:35:36.152470
2023-03-08 15:35:36,152 - crossref_log - INFO - [TIME] El tiempo que ha tardado es: 0:00:02.126974
2023-03-08 15:35:36,670 - crossref_log - INFO - Extracción de la revista Argument & Computation
2023-03-08 15:35:36,671 - crossref_log - INFO - [TIME] La hora de comienzo es: 15:35:36.671100
2023-03-08 15:35:38,392 - crossref_log - INFO - [TIME] La hora de finalización es: 15:35:38.392090
2023-03-08 15:35:38,392 - crossref_log - INFO - [TIME] El tiempo que ha tardado es: 0:00:01.720990
2023-03-08 15:35:38,954 - crossref_log - INFO - Extracción de la revista Kunstliche Intelligenz
2023-03-08 15:35:38,955 - crossref_log - INFO - [TIME] La hora de comienzo es: 15:35:38.955232
2023-03-08 15:35:42,596 - crossref_log - INFO - [TIME] La hora de finalización es: 15:35:42.596867
2023-03-08 15:35:42,596 - crossref_log - INFO - [TIME] El tiempo que ha tardado es: 0:00:03.641635
2023-03-08 15:35:43,092 - crossref_log - INFO - Extracción de la revista Intelligenza Artificiale
2023-03-08 15:35:43,092 - crossref_log - INFO - [TIME] La hora de comienzo es: 15:35:43.092625
2023-03-08 15:35:44,292 - crossref_log - INFO - [TIME] La hora de finalización es: 15:35:44.292579
2023-03-08 15:35:44,292 - crossref_log - INFO - [TIME] El tiempo que ha tardado es: 0:00:01.199954
2023-03-08 15:35:44,849 - crossref_log - INFO - Extracción de la revista Advances in Fuzzy Systems
2023-03-08 15:35:44,850 - crossref_log - INFO - [TIME] La hora de comienzo es: 15:35:44.850890
2023-03-08 15:35:46,457 - crossref_log - INFO - [TIME] La hora de finalización es: 15:35:46.457508
2023-03-08 15:35:46,457 - crossref_log - INFO - [TIME] El tiempo que ha tardado es: 0:00:01.606618
2023-03-08 15:35:46,968 - crossref_log - INFO - Extracción de la revista Evolutionary Intelligence
2023-03-08 15:35:46,969 - crossref_log - INFO - [TIME] La hora de comienzo es: 15:35:46.969688
2023-03-08 15:35:53,143 - crossref_log - INFO - [TIME] La hora de finalización es: 15:35:53.143832
2023-03-08 15:35:53,143 - crossref_log - INFO - [TIME] El tiempo que ha tardado es: 0:00:06.174144
2023-03-08 15:35:53,976 - crossref_log - INFO - Extracción de la revista Quantum Machine Intelligence
2023-03-08 15:35:53,976 - crossref_log - INFO - [TIME] La hora de comienzo es: 15:35:53.976953
2023-03-08 15:35:55,497 - crossref_log - INFO - [TIME] La hora de finalización es: 15:35:55.497292
2023-03-08 15:35:55,497 - crossref_log - INFO - [TIME] El tiempo que ha tardado es: 0:00:01.520339
2023-03-08 15:35:56,041 - crossref_log - INFO - Extracción de la revista Journal of Intelligent Systems
2023-03-08 15:35:56,041 - crossref_log - INFO - [TIME] La hora de comienzo es: 15:35:56.041687
2023-03-08 15:36:00,492 - crossref_log - INFO - [TIME] La hora de finalización es: 15:36:00.492130
2023-03-08 15:36:00,492 - crossref_log - INFO - [TIME] El tiempo que ha tardado es: 0:00:04.450443
2023-03-08 15:36:01,047 - crossref_log - INFO - Extracción de la revista Big Data and Cognitive Computing
2023-03-08 15:36:01,049 - crossref_log - INFO - [TIME] La hora de comienzo es: 15:36:01.048395
2023-03-08 15:36:04,737 - crossref_log - INFO - [TIME] La hora de finalización es: 15:36:04.737725
2023-03-08 15:36:04,738 - crossref_log - INFO - [TIME] El tiempo que ha tardado es: 0:00:03.689330
2023-03-08 15:36:05,245 - crossref_log - INFO - Extracción de la revista International Journal of Biometrics
2023-03-08 15:36:05,246 - crossref_log - INFO - [TIME] La hora de comienzo es: 15:36:05.246081
2023-03-08 15:36:06,248 - crossref_log - INFO - [TIME] La hora de finalización es: 15:36:06.247330
2023-03-08 15:36:06,248 - crossref_log - INFO - [TIME] El tiempo que ha tardado es: 0:00:01.001249
2023-03-08 15:36:06,785 - crossref_log - INFO - Extracción de la revista Progress in Artificial Intelligence
2023-03-08 15:36:06,787 - crossref_log - INFO - [TIME] La hora de comienzo es: 15:36:06.786073
2023-03-08 15:36:09,421 - crossref_log - INFO - [TIME] La hora de finalización es: 15:36:09.421014
2023-03-08 15:36:09,421 - crossref_log - INFO - [TIME] El tiempo que ha tardado es: 0:00:02.634941
2023-03-08 15:36:15,497 - crossref_log - INFO - Extracción de la revista Vietnam Journal of Computer Science
2023-03-08 15:36:15,497 - crossref_log - INFO - [TIME] La hora de comienzo es: 15:36:15.497459
2023-03-08 15:36:25,972 - crossref_log - INFO - [TIME] La hora de finalización es: 15:36:25.972360
2023-03-08 15:36:25,972 - crossref_log - INFO - [TIME] El tiempo que ha tardado es: 0:00:10.474901
2023-03-08 15:36:26,527 - crossref_log - INFO - Extracción de la revista Frontiers in Artificial Intelligence
2023-03-08 15:36:26,528 - crossref_log - INFO - [TIME] La hora de comienzo es: 15:36:26.528392
2023-03-08 15:36:31,160 - crossref_log - INFO - [TIME] La hora de finalización es: 15:36:31.160776
2023-03-08 15:36:31,160 - crossref_log - INFO - [TIME] El tiempo que ha tardado es: 0:00:04.632384
2023-03-08 15:36:31,704 - crossref_log - INFO - Extracción de la revista Advances in Human-Computer Interaction
2023-03-08 15:36:31,705 - crossref_log - INFO - [TIME] La hora de comienzo es: 15:36:31.704893
2023-03-08 15:36:33,249 - crossref_log - INFO - [TIME] La hora de finalización es: 15:36:33.249785
2023-03-08 15:36:33,249 - crossref_log - INFO - [TIME] El tiempo que ha tardado es: 0:00:01.544892
2023-03-08 15:36:33,784 - crossref_log - INFO - Extracción de la revista Multimodal Technologies and Interaction
2023-03-08 15:36:33,785 - crossref_log - INFO - [TIME] La hora de comienzo es: 15:36:33.785784
2023-03-08 15:36:39,469 - crossref_log - INFO - [TIME] La hora de finalización es: 15:36:39.469192
2023-03-08 15:36:39,469 - crossref_log - INFO - [TIME] El tiempo que ha tardado es: 0:00:05.683408
2023-03-08 15:36:40,019 - crossref_log - INFO - Extracción de la revista Journal of Computer Science & Technology
2023-03-08 15:36:40,021 - crossref_log - INFO - [TIME] La hora de comienzo es: 15:36:40.021286
2023-03-08 15:36:48,413 - crossref_log - INFO - [TIME] La hora de finalización es: 15:36:48.413373
2023-03-08 15:36:48,414 - crossref_log - INFO - [TIME] El tiempo que ha tardado es: 0:00:08.392087
2023-03-08 15:36:48,957 - crossref_log - INFO - Extracción de la revista Machine Learning and Knowledge Extraction
2023-03-08 15:36:48,958 - crossref_log - INFO - [TIME] La hora de comienzo es: 15:36:48.958759
2023-03-08 15:36:52,436 - crossref_log - INFO - [TIME] La hora de finalización es: 15:36:52.436241
2023-03-08 15:36:52,436 - crossref_log - INFO - [TIME] El tiempo que ha tardado es: 0:00:03.477482
2023-03-08 15:36:53,003 - crossref_log - INFO - Extracción de la revista Foundations and Trends in Machine Learning
2023-03-08 15:36:53,004 - crossref_log - INFO - [TIME] La hora de comienzo es: 15:36:53.003759
2023-03-08 15:36:56,694 - crossref_log - INFO - [TIME] La hora de finalización es: 15:36:56.694324
2023-03-08 15:36:56,695 - crossref_log - INFO - [TIME] El tiempo que ha tardado es: 0:00:03.690565
2023-03-08 15:36:58,536 - crossref_log - INFO - Extracción de la revista International Journal of Semantic Computing
2023-03-08 15:36:58,537 - crossref_log - INFO - [TIME] La hora de comienzo es: 15:36:58.537366
2023-03-08 15:37:05,664 - crossref_log - INFO - [TIME] La hora de finalización es: 15:37:05.664911
2023-03-08 15:37:05,664 - crossref_log - INFO - [TIME] El tiempo que ha tardado es: 0:00:07.127545
2023-03-08 15:37:07,819 - crossref_log - INFO - Extracción de la revista Intelligent Decision Technologies-Netherlands
2023-03-08 15:37:07,820 - crossref_log - INFO - [TIME] La hora de comienzo es: 15:37:07.820353
2023-03-08 15:37:11,553 - crossref_log - INFO - [TIME] La hora de finalización es: 15:37:11.553055
2023-03-08 15:37:11,553 - crossref_log - INFO - [TIME] El tiempo que ha tardado es: 0:00:03.732702
2023-03-08 15:37:12,104 - crossref_log - ERROR - Error para "Foundations of Computing and Decision Sciences" al realizar la solicitud: 404
2023-03-08 15:37:12,669 - crossref_log - INFO - Extracción de la revista International Journal of Automation and Computing
2023-03-08 15:37:12,670 - crossref_log - INFO - [TIME] La hora de comienzo es: 15:37:12.670193
2023-03-08 15:37:19,254 - crossref_log - INFO - [TIME] La hora de finalización es: 15:37:19.254203
2023-03-08 15:37:19,254 - crossref_log - INFO - [TIME] El tiempo que ha tardado es: 0:00:06.584010
2023-03-08 15:37:19,742 - crossref_log - INFO - Extracción de la revista International Journal of Data Science and Analytics
2023-03-08 15:37:19,742 - crossref_log - INFO - [TIME] La hora de comienzo es: 15:37:19.742065
2023-03-08 15:37:23,106 - crossref_log - INFO - [TIME] La hora de finalización es: 15:37:23.106486
2023-03-08 15:37:23,106 - crossref_log - INFO - [TIME] El tiempo que ha tardado es: 0:00:03.364421
2023-03-08 15:37:23,630 - crossref_log - INFO - Extracción de la revista International Journal of Applied Pattern Recognition
2023-03-08 15:37:23,631 - crossref_log - INFO - [TIME] La hora de comienzo es: 15:37:23.631708
2023-03-08 15:37:24,433 - crossref_log - INFO - [TIME] La hora de finalización es: 15:37:24.433346
2023-03-08 15:37:24,434 - crossref_log - INFO - [TIME] El tiempo que ha tardado es: 0:00:00.801638
2023-03-08 15:37:24,992 - crossref_log - INFO - Extracción de la revista International Journal of Swarm Intelligence Research
2023-03-08 15:37:24,993 - crossref_log - INFO - [TIME] La hora de comienzo es: 15:37:24.993356
2023-03-08 15:37:26,739 - crossref_log - INFO - [TIME] La hora de finalización es: 15:37:26.738235
2023-03-08 15:37:26,739 - crossref_log - INFO - [TIME] El tiempo que ha tardado es: 0:00:01.744879
2023-03-08 15:37:27,326 - crossref_log - INFO - Extracción de la revista Applied Computational Intelligence and Soft Computing
2023-03-08 15:37:27,328 - crossref_log - INFO - [TIME] La hora de comienzo es: 15:37:27.327417
2023-03-08 15:37:29,143 - crossref_log - INFO - [TIME] La hora de finalización es: 15:37:29.143442
2023-03-08 15:37:29,144 - crossref_log - INFO - [TIME] El tiempo que ha tardado es: 0:00:01.816025
2023-03-08 15:37:29,722 - crossref_log - INFO - Extracción de la revista International Journal of System Dynamics Applications
2023-03-08 15:37:29,723 - crossref_log - INFO - [TIME] La hora de comienzo es: 15:37:29.723067
2023-03-08 15:37:31,505 - crossref_log - INFO - [TIME] La hora de finalización es: 15:37:31.505466
2023-03-08 15:37:31,506 - crossref_log - INFO - [TIME] El tiempo que ha tardado es: 0:00:01.782399
2023-03-08 15:37:32,086 - crossref_log - INFO - Extracción de la revista CCF Transactions on Pervasive Computing and Interaction
2023-03-08 15:37:32,087 - crossref_log - INFO - [TIME] La hora de comienzo es: 15:37:32.087468
2023-03-08 15:37:33,680 - crossref_log - INFO - [TIME] La hora de finalización es: 15:37:33.680983
2023-03-08 15:37:33,680 - crossref_log - INFO - [TIME] El tiempo que ha tardado es: 0:00:01.593515
2023-03-08 15:37:34,241 - crossref_log - INFO - Extracción de la revista IEEE Open Journal of Intelligent Transportation Systems
2023-03-08 15:37:34,242 - crossref_log - INFO - [TIME] La hora de comienzo es: 15:37:34.242537
2023-03-08 15:37:35,279 - crossref_log - INFO - [TIME] La hora de finalización es: 15:37:35.279743
2023-03-08 15:37:35,279 - crossref_log - INFO - [TIME] El tiempo que ha tardado es: 0:00:01.037206
2023-03-08 15:37:35,794 - crossref_log - INFO - Extracción de la revista International Journal of Applied Metaheuristic Computing
2023-03-08 15:37:35,795 - crossref_log - INFO - [TIME] La hora de comienzo es: 15:37:35.795205
2023-03-08 15:37:37,708 - crossref_log - INFO - [TIME] La hora de finalización es: 15:37:37.708385
2023-03-08 15:37:37,709 - crossref_log - INFO - [TIME] El tiempo que ha tardado es: 0:00:01.913180
2023-03-08 15:37:38,278 - crossref_log - INFO - Extracción de la revista International Journal of Data Mining Modelling and Management
2023-03-08 15:37:38,279 - crossref_log - INFO - [TIME] La hora de comienzo es: 15:37:38.279034
2023-03-08 15:37:39,740 - crossref_log - INFO - [TIME] La hora de finalización es: 15:37:39.740486
2023-03-08 15:37:39,742 - crossref_log - INFO - [TIME] El tiempo que ha tardado es: 0:00:01.461452
2023-03-08 15:37:40,333 - crossref_log - INFO - Extracción de la revista International Journal of Computational Intelligence and Applications
2023-03-08 15:37:40,334 - crossref_log - INFO - [TIME] La hora de comienzo es: 15:37:40.334469
2023-03-08 15:37:42,560 - crossref_log - INFO - [TIME] La hora de finalización es: 15:37:42.560602
2023-03-08 15:37:42,560 - crossref_log - INFO - [TIME] El tiempo que ha tardado es: 0:00:02.226133
2023-03-08 15:37:43,113 - crossref_log - ERROR - Error para "International Journal of Innovative Computing Information and Control" al realizar la solicitud: 404
2023-03-08 15:37:43,675 - crossref_log - INFO - Extracción de la revista International Journal of Cognitive Informatics and Natural Intelligence
2023-03-08 15:37:43,676 - crossref_log - INFO - [TIME] La hora de comienzo es: 15:37:43.676814
2023-03-08 15:37:45,859 - crossref_log - INFO - [TIME] La hora de finalización es: 15:37:45.859623
2023-03-08 15:37:45,860 - crossref_log - INFO - [TIME] El tiempo que ha tardado es: 0:00:02.182809
2023-03-08 15:37:46,457 - crossref_log - INFO - Extracción de la revista Inteligencia Artificial-Iberoamerical Journal of Artificial Intelligence
2023-03-08 15:37:46,458 - crossref_log - INFO - [TIME] La hora de comienzo es: 15:37:46.458942
2023-03-08 15:37:48,677 - crossref_log - INFO - [TIME] La hora de finalización es: 15:37:48.677509
2023-03-08 15:37:48,678 - crossref_log - INFO - [TIME] El tiempo que ha tardado es: 0:00:02.218567
2023-03-08 15:37:49,220 - crossref_log - INFO - Extracción de la revista Journal of Advanced Computational Intelligence and Intelligent Informatics
2023-03-08 15:37:49,221 - crossref_log - INFO - [TIME] La hora de comienzo es: 15:37:49.221602
2023-03-08 15:38:00,997 - crossref_log - INFO - [TIME] La hora de finalización es: 15:38:00.997180
2023-03-08 15:38:00,997 - crossref_log - INFO - [TIME] El tiempo que ha tardado es: 0:00:11.775578
2023-03-08 15:38:01,897 - crossref_log - INFO - Extracción de la revista ADCAIJ-Advances in Distributed Computing and Artificial Intelligence Journal
2023-03-08 15:38:01,898 - crossref_log - INFO - [TIME] La hora de comienzo es: 15:38:01.898569
2023-03-08 15:38:09,649 - crossref_log - INFO - [TIME] La hora de finalización es: 15:38:09.649505
2023-03-08 15:38:09,649 - crossref_log - INFO - [TIME] El tiempo que ha tardado es: 0:00:07.750936
2023-03-08 15:38:10,215 - crossref_log - INFO - Extracción de la revista International Journal of Knowledge-Based and Intelligent Engineering Systems
2023-03-08 15:38:10,216 - crossref_log - INFO - [TIME] La hora de comienzo es: 15:38:10.216136
2023-03-08 15:38:16,275 - crossref_log - INFO - [TIME] La hora de finalización es: 15:38:16.275230
2023-03-08 15:38:16,275 - crossref_log - INFO - [TIME] El tiempo que ha tardado es: 0:00:06.059094
2023-03-08 15:38:16,935 - crossref_log - INFO - Extracción de la revista Algorithms
2023-03-08 15:38:16,936 - crossref_log - INFO - [TIME] La hora de comienzo es: 15:38:16.936463
2023-03-08 15:38:27,586 - crossref_log - INFO - [TIME] La hora de finalización es: 15:38:27.586794
2023-03-08 15:38:27,586 - crossref_log - INFO - [TIME] El tiempo que ha tardado es: 0:00:10.650331
2023-03-08 15:41:06,844 - crossref_log - INFO - 
New CROSSREF execution:
2023-03-08 15:41:14,455 - crossref_log - INFO - 
New CROSSREF execution:
2023-03-08 15:41:15,689 - crossref_log - INFO - 
New CROSSREF execution:
2023-03-08 15:41:16,292 - crossref_log - INFO - Extraccion de la revista Patterns
2023-03-08 15:41:16,292 - crossref_log - INFO - [TIME] La hora de comienzo es: 15:41:16.292382
2023-03-08 15:41:19,538 - crossref_log - INFO - [TIME] La hora de finalización es: 15:41:19.538741
2023-03-08 15:41:19,538 - crossref_log - INFO - [TIME] El tiempo que ha tardado es: 0:00:03.246359
2023-03-08 15:41:20,009 - crossref_log - INFO - Extraccion de la revista International Journal of Software Science and Computational Intelligence-IJSSCI
2023-03-08 15:41:20,009 - crossref_log - INFO - [TIME] La hora de comienzo es: 15:41:20.009597
2023-03-08 15:41:21,794 - crossref_log - INFO - [TIME] La hora de finalización es: 15:41:21.794901
2023-03-08 15:41:21,794 - crossref_log - INFO - [TIME] El tiempo que ha tardado es: 0:00:01.785304
2023-03-08 15:41:22,279 - crossref_log - INFO - Extraccion de la revista AI & Society
2023-03-08 15:41:22,280 - crossref_log - INFO - [TIME] La hora de comienzo es: 15:41:22.280439
2023-03-08 15:41:32,026 - crossref_log - INFO - [TIME] La hora de finalización es: 15:41:32.026814
2023-03-08 15:41:32,026 - crossref_log - INFO - [TIME] El tiempo que ha tardado es: 0:00:09.746375
2023-03-08 15:41:32,617 - crossref_log - INFO - Extraccion de la revista Web Intelligence
2023-03-08 15:41:32,619 - crossref_log - INFO - [TIME] La hora de comienzo es: 15:41:32.619337
2023-03-08 15:41:34,397 - crossref_log - INFO - [TIME] La hora de finalización es: 15:41:34.397518
2023-03-08 15:41:34,397 - crossref_log - INFO - [TIME] El tiempo que ha tardado es: 0:00:01.778181
2023-03-08 15:41:34,954 - crossref_log - INFO - Extraccion de la revista Granular Computing
2023-03-08 15:41:34,955 - crossref_log - INFO - [TIME] La hora de comienzo es: 15:41:34.955384
2023-03-08 15:41:38,414 - crossref_log - INFO - [TIME] La hora de finalización es: 15:41:38.414595
2023-03-08 15:41:38,414 - crossref_log - INFO - [TIME] El tiempo que ha tardado es: 0:00:03.459211
2023-03-08 15:41:38,908 - crossref_log - INFO - Extraccion de la revista MACHINE TRANSLATION
2023-03-08 15:41:38,908 - crossref_log - INFO - [TIME] La hora de comienzo es: 15:41:38.908860
2023-03-08 15:41:41,009 - crossref_log - INFO - [TIME] La hora de finalización es: 15:41:41.009313
2023-03-08 15:41:41,009 - crossref_log - INFO - [TIME] El tiempo que ha tardado es: 0:00:02.100453
2023-03-08 15:41:41,537 - crossref_log - INFO - Extraccion de la revista Argument & Computation
2023-03-08 15:41:41,539 - crossref_log - INFO - [TIME] La hora de comienzo es: 15:41:41.539778
2023-03-08 15:41:43,417 - crossref_log - INFO - [TIME] La hora de finalización es: 15:41:43.417842
2023-03-08 15:41:43,417 - crossref_log - INFO - [TIME] El tiempo que ha tardado es: 0:00:01.878064
2023-03-08 15:41:43,897 - crossref_log - INFO - Extraccion de la revista Kunstliche Intelligenz
2023-03-08 15:41:43,897 - crossref_log - INFO - [TIME] La hora de comienzo es: 15:41:43.897590
2023-03-08 15:41:47,265 - crossref_log - INFO - [TIME] La hora de finalización es: 15:41:47.265508
2023-03-08 15:41:47,265 - crossref_log - INFO - [TIME] El tiempo que ha tardado es: 0:00:03.367918
2023-03-08 15:41:47,807 - crossref_log - INFO - Extraccion de la revista Intelligenza Artificiale
2023-03-08 15:41:47,809 - crossref_log - INFO - [TIME] La hora de comienzo es: 15:41:47.808851
2023-03-08 15:41:49,007 - crossref_log - INFO - [TIME] La hora de finalización es: 15:41:49.007520
2023-03-08 15:41:49,008 - crossref_log - INFO - [TIME] El tiempo que ha tardado es: 0:00:01.198669
2023-03-08 15:41:49,498 - crossref_log - INFO - Extraccion de la revista Advances in Fuzzy Systems
2023-03-08 15:41:49,498 - crossref_log - INFO - [TIME] La hora de comienzo es: 15:41:49.498176
2023-03-08 15:41:51,044 - crossref_log - INFO - [TIME] La hora de finalización es: 15:41:51.044829
2023-03-08 15:41:51,044 - crossref_log - INFO - [TIME] El tiempo que ha tardado es: 0:00:01.546653
2023-03-08 15:41:51,624 - crossref_log - INFO - Extraccion de la revista Evolutionary Intelligence
2023-03-08 15:41:51,626 - crossref_log - INFO - [TIME] La hora de comienzo es: 15:41:51.625156
2023-03-08 15:41:57,140 - crossref_log - INFO - [TIME] La hora de finalización es: 15:41:57.140557
2023-03-08 15:41:57,140 - crossref_log - INFO - [TIME] El tiempo que ha tardado es: 0:00:05.515401
2023-03-08 15:41:57,649 - crossref_log - INFO - Extraccion de la revista Quantum Machine Intelligence
2023-03-08 15:41:57,650 - crossref_log - INFO - [TIME] La hora de comienzo es: 15:41:57.649159
2023-03-08 15:41:59,206 - crossref_log - INFO - [TIME] La hora de finalización es: 15:41:59.206112
2023-03-08 15:41:59,206 - crossref_log - INFO - [TIME] El tiempo que ha tardado es: 0:00:01.556953
2023-03-08 15:41:59,697 - crossref_log - INFO - Extraccion de la revista Journal of Intelligent Systems
2023-03-08 15:41:59,698 - crossref_log - INFO - [TIME] La hora de comienzo es: 15:41:59.698241
2023-03-08 15:42:03,867 - crossref_log - INFO - [TIME] La hora de finalización es: 15:42:03.867070
2023-03-08 15:42:03,867 - crossref_log - INFO - [TIME] El tiempo que ha tardado es: 0:00:04.168829
2023-03-08 15:42:06,164 - crossref_log - INFO - Extraccion de la revista Big Data and Cognitive Computing
2023-03-08 15:42:06,165 - crossref_log - INFO - [TIME] La hora de comienzo es: 15:42:06.165701
2023-03-08 15:42:09,292 - crossref_log - INFO - 
New CROSSREF execution:
2023-03-08 15:42:09,483 - crossref_log - INFO - [TIME] La hora de finalización es: 15:42:09.483525
2023-03-08 15:42:09,483 - crossref_log - INFO - [TIME] El tiempo que ha tardado es: 0:00:03.317824
2023-03-08 15:42:09,960 - crossref_log - INFO - Extraccion de la revista International Journal of Biometrics
2023-03-08 15:42:09,960 - crossref_log - INFO - [TIME] La hora de comienzo es: 15:42:09.960788
2023-03-08 15:42:10,917 - crossref_log - INFO - [TIME] La hora de finalización es: 15:42:10.917829
2023-03-08 15:42:10,918 - crossref_log - INFO - [TIME] El tiempo que ha tardado es: 0:00:00.957041
2023-03-08 15:42:11,400 - crossref_log - INFO - Extraccion de la revista Progress in Artificial Intelligence
2023-03-08 15:42:11,401 - crossref_log - INFO - [TIME] La hora de comienzo es: 15:42:11.401284
2023-03-08 15:42:14,481 - crossref_log - INFO - [TIME] La hora de finalización es: 15:42:14.481663
2023-03-08 15:42:14,481 - crossref_log - INFO - [TIME] El tiempo que ha tardado es: 0:00:03.080379
2023-03-08 15:42:15,042 - crossref_log - INFO - Extraccion de la revista Vietnam Journal of Computer Science
2023-03-08 15:42:15,043 - crossref_log - INFO - [TIME] La hora de comienzo es: 15:42:15.043961
2023-03-08 15:42:16,967 - crossref_log - INFO - [TIME] La hora de finalización es: 15:42:16.967249
2023-03-08 15:42:16,967 - crossref_log - INFO - [TIME] El tiempo que ha tardado es: 0:00:01.923288
2023-03-08 15:42:17,514 - crossref_log - INFO - Extraccion de la revista Frontiers in Artificial Intelligence
2023-03-08 15:42:17,515 - crossref_log - INFO - [TIME] La hora de comienzo es: 15:42:17.515440
2023-03-08 15:42:23,108 - crossref_log - INFO - [TIME] La hora de finalización es: 15:42:23.108564
2023-03-08 15:42:23,108 - crossref_log - INFO - [TIME] El tiempo que ha tardado es: 0:00:05.593124
2023-03-08 15:42:23,717 - crossref_log - INFO - Extraccion de la revista Advances in Human-Computer Interaction
2023-03-08 15:42:23,717 - crossref_log - INFO - [TIME] La hora de comienzo es: 15:42:23.717157
2023-03-08 15:42:27,486 - crossref_log - INFO - [TIME] La hora de finalización es: 15:42:27.486464
2023-03-08 15:42:27,487 - crossref_log - INFO - [TIME] El tiempo que ha tardado es: 0:00:03.769307
2023-03-08 15:42:28,032 - crossref_log - INFO - Extraccion de la revista Multimodal Technologies and Interaction
2023-03-08 15:42:28,032 - crossref_log - INFO - [TIME] La hora de comienzo es: 15:42:28.032940
2023-03-08 15:42:31,994 - crossref_log - INFO - [TIME] La hora de finalización es: 15:42:31.994865
2023-03-08 15:42:31,994 - crossref_log - INFO - [TIME] El tiempo que ha tardado es: 0:00:03.961925
2023-03-08 15:42:32,524 - crossref_log - INFO - Extraccion de la revista Journal of Computer Science & Technology
2023-03-08 15:42:32,524 - crossref_log - INFO - [TIME] La hora de comienzo es: 15:42:32.524861
2023-03-08 15:42:33,307 - crossref_log - INFO - [TIME] La hora de finalización es: 15:42:33.307442
2023-03-08 15:42:33,307 - crossref_log - INFO - [TIME] El tiempo que ha tardado es: 0:00:00.782581
2023-03-08 15:42:33,792 - crossref_log - INFO - Extraccion de la revista Machine Learning and Knowledge Extraction
2023-03-08 15:42:33,792 - crossref_log - INFO - [TIME] La hora de comienzo es: 15:42:33.792507
2023-03-08 15:42:37,508 - crossref_log - INFO - [TIME] La hora de finalización es: 15:42:37.508288
2023-03-08 15:42:37,508 - crossref_log - INFO - [TIME] El tiempo que ha tardado es: 0:00:03.715781
2023-03-08 15:42:38,028 - crossref_log - INFO - Extraccion de la revista Foundations and Trends in Machine Learning
2023-03-08 15:42:38,029 - crossref_log - INFO - [TIME] La hora de comienzo es: 15:42:38.029438
2023-03-08 15:42:38,675 - crossref_log - INFO - [TIME] La hora de finalización es: 15:42:38.675997
2023-03-08 15:42:38,676 - crossref_log - INFO - [TIME] El tiempo que ha tardado es: 0:00:00.646559
2023-03-08 15:42:39,223 - crossref_log - INFO - Extraccion de la revista International Journal of Semantic Computing
2023-03-08 15:42:39,224 - crossref_log - INFO - [TIME] La hora de comienzo es: 15:42:39.224990
2023-03-08 15:42:41,186 - crossref_log - INFO - [TIME] La hora de finalización es: 15:42:41.186002
2023-03-08 15:42:41,186 - crossref_log - INFO - [TIME] El tiempo que ha tardado es: 0:00:01.961012
2023-03-08 15:42:41,753 - crossref_log - INFO - Extraccion de la revista Intelligent Decision Technologies-Netherlands
2023-03-08 15:42:41,754 - crossref_log - INFO - [TIME] La hora de comienzo es: 15:42:41.754115
2023-03-08 15:42:44,563 - crossref_log - INFO - [TIME] La hora de finalización es: 15:42:44.563490
2023-03-08 15:42:44,563 - crossref_log - INFO - [TIME] El tiempo que ha tardado es: 0:00:02.809375
2023-03-08 15:42:45,090 - crossref_log - ERROR - Error para "Foundations of Computing and Decision Sciences" al realizar la solicitud: 404
2023-03-08 15:42:45,636 - crossref_log - INFO - Extraccion de la revista International Journal of Automation and Computing
2023-03-08 15:42:45,637 - crossref_log - INFO - [TIME] La hora de comienzo es: 15:42:45.637122
2023-03-08 15:42:52,050 - crossref_log - INFO - [TIME] La hora de finalización es: 15:42:52.050691
2023-03-08 15:42:52,050 - crossref_log - INFO - [TIME] El tiempo que ha tardado es: 0:00:06.413569
2023-03-08 15:42:55,225 - crossref_log - INFO - Extraccion de la revista International Journal of Data Science and Analytics
2023-03-08 15:42:55,226 - crossref_log - INFO - [TIME] La hora de comienzo es: 15:42:55.226056
2023-03-08 15:42:58,764 - crossref_log - INFO - [TIME] La hora de finalización es: 15:42:58.764965
2023-03-08 15:42:58,764 - crossref_log - INFO - [TIME] El tiempo que ha tardado es: 0:00:03.538909
2023-03-08 15:42:59,328 - crossref_log - INFO - Extraccion de la revista International Journal of Applied Pattern Recognition
2023-03-08 15:42:59,329 - crossref_log - INFO - [TIME] La hora de comienzo es: 15:42:59.329299
2023-03-08 15:43:00,599 - crossref_log - INFO - [TIME] La hora de finalización es: 15:43:00.599160
2023-03-08 15:43:00,599 - crossref_log - INFO - [TIME] El tiempo que ha tardado es: 0:00:01.269861
2023-03-08 15:43:01,135 - crossref_log - INFO - Extraccion de la revista International Journal of Swarm Intelligence Research
2023-03-08 15:43:01,136 - crossref_log - INFO - [TIME] La hora de comienzo es: 15:43:01.136336
2023-03-08 15:43:04,314 - crossref_log - INFO - [TIME] La hora de finalización es: 15:43:04.314909
2023-03-08 15:43:04,315 - crossref_log - INFO - [TIME] El tiempo que ha tardado es: 0:00:03.178573
2023-03-08 15:43:04,838 - crossref_log - INFO - Extraccion de la revista Applied Computational Intelligence and Soft Computing
2023-03-08 15:43:04,839 - crossref_log - INFO - [TIME] La hora de comienzo es: 15:43:04.839672
2023-03-08 15:43:06,605 - crossref_log - INFO - [TIME] La hora de finalización es: 15:43:06.605529
2023-03-08 15:43:06,605 - crossref_log - INFO - [TIME] El tiempo que ha tardado es: 0:00:01.765857
2023-03-08 15:43:07,147 - crossref_log - INFO - Extraccion de la revista International Journal of System Dynamics Applications
2023-03-08 15:43:07,148 - crossref_log - INFO - [TIME] La hora de comienzo es: 15:43:07.147652
2023-03-08 15:43:08,704 - crossref_log - INFO - [TIME] La hora de finalización es: 15:43:08.704291
2023-03-08 15:43:08,704 - crossref_log - INFO - [TIME] El tiempo que ha tardado es: 0:00:01.556639
2023-03-08 15:43:09,225 - crossref_log - INFO - Extraccion de la revista CCF Transactions on Pervasive Computing and Interaction
2023-03-08 15:43:09,226 - crossref_log - INFO - [TIME] La hora de comienzo es: 15:43:09.226081
2023-03-08 15:43:10,869 - crossref_log - INFO - [TIME] La hora de finalización es: 15:43:10.869076
2023-03-08 15:43:10,869 - crossref_log - INFO - [TIME] El tiempo que ha tardado es: 0:00:01.642995
2023-03-08 15:43:11,399 - crossref_log - INFO - Extraccion de la revista IEEE Open Journal of Intelligent Transportation Systems
2023-03-08 15:43:11,400 - crossref_log - INFO - [TIME] La hora de comienzo es: 15:43:11.400094
2023-03-08 15:43:12,453 - crossref_log - INFO - [TIME] La hora de finalización es: 15:43:12.453070
2023-03-08 15:43:12,454 - crossref_log - INFO - [TIME] El tiempo que ha tardado es: 0:00:01.052976
2023-03-08 15:43:12,982 - crossref_log - INFO - Extraccion de la revista International Journal of Applied Metaheuristic Computing
2023-03-08 15:43:12,983 - crossref_log - INFO - [TIME] La hora de comienzo es: 15:43:12.983553
2023-03-08 15:43:14,745 - crossref_log - INFO - [TIME] La hora de finalización es: 15:43:14.745826
2023-03-08 15:43:14,745 - crossref_log - INFO - [TIME] El tiempo que ha tardado es: 0:00:01.762273
2023-03-08 15:43:15,278 - crossref_log - INFO - Extraccion de la revista International Journal of Data Mining Modelling and Management
2023-03-08 15:43:15,279 - crossref_log - INFO - [TIME] La hora de comienzo es: 15:43:15.279345
2023-03-08 15:43:16,256 - crossref_log - INFO - [TIME] La hora de finalización es: 15:43:16.256113
2023-03-08 15:43:16,256 - crossref_log - INFO - [TIME] El tiempo que ha tardado es: 0:00:00.976768
2023-03-08 15:43:16,749 - crossref_log - INFO - Extraccion de la revista International Journal of Computational Intelligence and Applications
2023-03-08 15:43:16,750 - crossref_log - INFO - [TIME] La hora de comienzo es: 15:43:16.750870
2023-03-08 15:43:19,050 - crossref_log - INFO - [TIME] La hora de finalización es: 15:43:19.050544
2023-03-08 15:43:19,050 - crossref_log - INFO - [TIME] El tiempo que ha tardado es: 0:00:02.299674
2023-03-08 15:43:19,608 - crossref_log - ERROR - Error para "International Journal of Innovative Computing Information and Control" al realizar la solicitud: 404
2023-03-08 15:43:20,144 - crossref_log - INFO - Extraccion de la revista International Journal of Cognitive Informatics and Natural Intelligence
2023-03-08 15:43:20,144 - crossref_log - INFO - [TIME] La hora de comienzo es: 15:43:20.144986
2023-03-08 15:43:22,362 - crossref_log - INFO - [TIME] La hora de finalización es: 15:43:22.362207
2023-03-08 15:43:22,362 - crossref_log - INFO - [TIME] El tiempo que ha tardado es: 0:00:02.217221
2023-03-08 15:43:22,912 - crossref_log - INFO - Extraccion de la revista Inteligencia Artificial-Iberoamerical Journal of Artificial Intelligence
2023-03-08 15:43:22,914 - crossref_log - INFO - [TIME] La hora de comienzo es: 15:43:22.913459
2023-03-08 15:43:24,124 - crossref_log - INFO - [TIME] La hora de finalización es: 15:43:24.124912
2023-03-08 15:43:24,124 - crossref_log - INFO - [TIME] El tiempo que ha tardado es: 0:00:01.211453
2023-03-08 15:43:24,709 - crossref_log - INFO - Extraccion de la revista Journal of Advanced Computational Intelligence and Intelligent Informatics
2023-03-08 15:43:24,710 - crossref_log - INFO - [TIME] La hora de comienzo es: 15:43:24.710614
2023-03-08 15:43:35,666 - crossref_log - INFO - [TIME] La hora de finalización es: 15:43:35.666303
2023-03-08 15:43:35,666 - crossref_log - INFO - [TIME] El tiempo que ha tardado es: 0:00:10.955689
2023-03-08 15:43:36,199 - crossref_log - INFO - Extraccion de la revista ADCAIJ-Advances in Distributed Computing and Artificial Intelligence Journal
2023-03-08 15:43:36,200 - crossref_log - INFO - [TIME] La hora de comienzo es: 15:43:36.200812
2023-03-08 15:43:37,978 - crossref_log - INFO - [TIME] La hora de finalización es: 15:43:37.978180
2023-03-08 15:43:37,978 - crossref_log - INFO - [TIME] El tiempo que ha tardado es: 0:00:01.777368
2023-03-08 15:43:38,510 - crossref_log - INFO - Extraccion de la revista International Journal of Knowledge-Based and Intelligent Engineering Systems
2023-03-08 15:43:38,510 - crossref_log - INFO - [TIME] La hora de comienzo es: 15:43:38.510983
2023-03-08 15:43:41,223 - crossref_log - INFO - [TIME] La hora de finalización es: 15:43:41.223762
2023-03-08 15:43:41,224 - crossref_log - INFO - [TIME] El tiempo que ha tardado es: 0:00:02.712779
2023-03-08 15:43:41,796 - crossref_log - INFO - Extraccion de la revista Algorithms
2023-03-08 15:43:41,797 - crossref_log - INFO - [TIME] La hora de comienzo es: 15:43:41.797289
2023-03-08 15:43:47,026 - crossref_log - INFO - 
New CROSSREF execution:
2023-03-08 15:43:53,067 - crossref_log - INFO - [TIME] La hora de finalización es: 15:43:53.067003
2023-03-08 15:43:53,067 - crossref_log - INFO - [TIME] El tiempo que ha tardado es: 0:00:11.269714
2023-03-08 15:44:42,357 - crossref_log - INFO - 
New CROSSREF execution:
2023-03-08 15:46:29,784 - crossref_log - INFO - 
New CROSSREF execution:
