2023-04-10 22:35:50,200 - resultados2/crossref_log - INFO - 
New CROSSREF execution:
2023-04-10 22:35:50,624 - resultados2/crossref_log - INFO - Extraccion de la revista Nature Machine Intelligence
2023-04-10 22:35:50,624 - resultados2/crossref_log - INFO - [TIME] Hora de comienzo.
2023-04-10 22:35:56,406 - resultados2/crossref_log - INFO - [TIME] La hora de finalizacion.
2023-04-10 22:35:56,406 - resultados2/crossref_log - INFO - [TIME] El tiempo que ha tardado es: 0:00:05.781868
2023-04-10 22:35:56,853 - resultados2/crossref_log - INFO - Extraccion de la revista IEEE TRANSACTIONS ON PATTERN ANALYSIS AND MACHINE INTELLIGENCE
2023-04-10 22:35:56,853 - resultados2/crossref_log - INFO - [TIME] Hora de comienzo.
2023-04-10 22:37:12,760 - resultados2/crossref_log - INFO - [TIME] La hora de finalizacion.
2023-04-10 22:37:12,760 - resultados2/crossref_log - INFO - [TIME] El tiempo que ha tardado es: 0:01:15.906509
2023-04-10 22:37:13,187 - resultados2/crossref_log - INFO - Extraccion de la revista IEEE Transactions on Cybernetics
2023-04-10 22:37:13,187 - resultados2/crossref_log - INFO - [TIME] Hora de comienzo.
2023-04-10 22:38:14,389 - resultados2/crossref_log - INFO - [TIME] La hora de finalizacion.
2023-04-10 22:38:14,389 - resultados2/crossref_log - INFO - [TIME] El tiempo que ha tardado es: 0:01:01.201413
2023-04-10 22:38:16,387 - resultados2/crossref_log - INFO - Extraccion de la revista Information Fusion
2023-04-10 22:38:16,387 - resultados2/crossref_log - INFO - [TIME] Hora de comienzo.
2023-04-10 22:38:34,428 - resultados2/crossref_log - INFO - [TIME] La hora de finalizacion.
2023-04-10 22:38:34,428 - resultados2/crossref_log - INFO - [TIME] El tiempo que ha tardado es: 0:00:18.041502
2023-04-10 22:38:34,841 - resultados2/crossref_log - INFO - Extraccion de la revista IEEE TRANSACTIONS ON EVOLUTIONARY COMPUTATION
2023-04-10 22:38:34,841 - resultados2/crossref_log - INFO - [TIME] Hora de comienzo.
2023-04-10 22:38:51,955 - resultados2/crossref_log - INFO - [TIME] La hora de finalizacion.
2023-04-10 22:38:51,955 - resultados2/crossref_log - INFO - [TIME] El tiempo que ha tardado es: 0:00:17.113166
2023-04-10 22:38:53,694 - resultados2/crossref_log - INFO - Extraccion de la revista IEEE Transactions on Neural Networks and Learning Systems
2023-04-10 22:38:53,695 - resultados2/crossref_log - INFO - [TIME] Hora de comienzo.
2023-04-10 22:39:34,365 - resultados2/crossref_log - INFO - [TIME] La hora de finalizacion.
2023-04-10 22:39:34,365 - resultados2/crossref_log - INFO - [TIME] El tiempo que ha tardado es: 0:00:40.669898
2023-04-10 22:39:34,795 - resultados2/crossref_log - INFO - Extraccion de la revista ARTIFICIAL INTELLIGENCE
2023-04-10 22:39:34,795 - resultados2/crossref_log - INFO - [TIME] Hora de comienzo.
2023-04-10 22:40:04,462 - resultados2/crossref_log - INFO - [TIME] La hora de finalizacion.
2023-04-10 22:40:04,463 - resultados2/crossref_log - INFO - [TIME] El tiempo que ha tardado es: 0:00:29.666703
2023-04-10 22:40:04,914 - resultados2/crossref_log - INFO - Extraccion de la revista IEEE Transactions on Affective Computing
2023-04-10 22:40:04,915 - resultados2/crossref_log - INFO - [TIME] Hora de comienzo.
2023-04-10 22:40:08,247 - resultados2/crossref_log - INFO - [TIME] La hora de finalizacion.
2023-04-10 22:40:08,247 - resultados2/crossref_log - INFO - [TIME] El tiempo que ha tardado es: 0:00:03.331810
2023-04-10 22:40:08,679 - resultados2/crossref_log - INFO - Extraccion de la revista MEDICAL IMAGE ANALYSIS
2023-04-10 22:40:08,680 - resultados2/crossref_log - INFO - [TIME] Hora de comienzo.
2023-04-10 22:40:43,063 - resultados2/crossref_log - INFO - [TIME] La hora de finalizacion.
2023-04-10 22:40:43,064 - resultados2/crossref_log - INFO - [TIME] El tiempo que ha tardado es: 0:00:34.382614
2023-04-10 22:40:43,488 - resultados2/crossref_log - INFO - Extraccion de la revista INTERNATIONAL JOURNAL OF COMPUTER VISION
2023-04-10 22:40:43,488 - resultados2/crossref_log - INFO - [TIME] Hora de comienzo.
2023-04-10 22:41:22,756 - resultados2/crossref_log - INFO - [TIME] La hora de finalizacion.
2023-04-10 22:41:22,756 - resultados2/crossref_log - INFO - [TIME] El tiempo que ha tardado es: 0:00:39.267758
2023-04-10 22:41:23,214 - resultados2/crossref_log - INFO - Extraccion de la revista IEEE TRANSACTIONS ON FUZZY SYSTEMS
2023-04-10 22:41:23,214 - resultados2/crossref_log - INFO - [TIME] Hora de comienzo.
2023-04-10 22:42:08,842 - resultados2/crossref_log - INFO - [TIME] La hora de finalizacion.
2023-04-10 22:42:08,842 - resultados2/crossref_log - INFO - [TIME] El tiempo que ha tardado es: 0:00:45.628461
2023-04-10 22:42:11,136 - resultados2/crossref_log - INFO - Extraccion de la revista IEEE TRANSACTIONS ON IMAGE PROCESSING
2023-04-10 22:42:11,136 - resultados2/crossref_log - INFO - [TIME] Hora de comienzo.
2023-04-10 22:43:10,648 - resultados2/crossref_log - INFO - [TIME] La hora de finalizacion.
2023-04-10 22:43:10,648 - resultados2/crossref_log - INFO - [TIME] El tiempo que ha tardado es: 0:00:59.511805
2023-04-10 22:43:11,106 - resultados2/crossref_log - INFO - Extraccion de la revista ACM Transactions on Intelligent Systems and Technology
2023-04-10 22:43:11,106 - resultados2/crossref_log - INFO - [TIME] Hora de comienzo.
2023-04-10 22:43:16,118 - resultados2/crossref_log - INFO - [TIME] La hora de finalizacion.
2023-04-10 22:43:16,118 - resultados2/crossref_log - INFO - [TIME] El tiempo que ha tardado es: 0:00:05.012339
2023-04-10 22:43:17,269 - resultados2/crossref_log - INFO - Extraccion de la revista Swarm and Evolutionary Computation
2023-04-10 22:43:17,269 - resultados2/crossref_log - INFO - [TIME] Hora de comienzo.
2023-04-10 22:43:37,992 - resultados2/crossref_log - INFO - [TIME] La hora de finalizacion.
2023-04-10 22:43:37,992 - resultados2/crossref_log - INFO - [TIME] El tiempo que ha tardado es: 0:00:20.722866
2023-04-10 22:43:39,679 - resultados2/crossref_log - INFO - Extraccion de la revista IEEE Computational Intelligence Magazine
2023-04-10 22:43:39,679 - resultados2/crossref_log - INFO - [TIME] Hora de comienzo.
2023-04-10 22:43:47,291 - resultados2/crossref_log - INFO - [TIME] La hora de finalizacion.
2023-04-10 22:43:47,292 - resultados2/crossref_log - INFO - [TIME] El tiempo que ha tardado es: 0:00:07.612534
2023-04-10 22:43:47,740 - resultados2/crossref_log - INFO - Extraccion de la revista NEURAL NETWORKS
2023-04-10 22:43:47,741 - resultados2/crossref_log - INFO - [TIME] Hora de comienzo.
2023-04-10 22:44:31,616 - resultados2/crossref_log - INFO - [TIME] La hora de finalizacion.
2023-04-10 22:44:31,617 - resultados2/crossref_log - INFO - [TIME] El tiempo que ha tardado es: 0:00:43.875073
2023-04-10 22:44:32,046 - resultados2/crossref_log - INFO - Extraccion de la revista ARTIFICIAL INTELLIGENCE REVIEW
2023-04-10 22:44:32,046 - resultados2/crossref_log - INFO - [TIME] Hora de comienzo.
2023-04-10 22:44:59,074 - resultados2/crossref_log - INFO - [TIME] La hora de finalizacion.
2023-04-10 22:44:59,074 - resultados2/crossref_log - INFO - [TIME] El tiempo que ha tardado es: 0:00:27.028391
2023-04-10 22:44:59,575 - resultados2/crossref_log - INFO - Extraccion de la revista IEEE TRANSACTIONS ON KNOWLEDGE AND DATA ENGINEERING
2023-04-10 22:44:59,576 - resultados2/crossref_log - INFO - [TIME] Hora de comienzo.
2023-04-10 22:46:12,629 - resultados2/crossref_log - INFO - [TIME] La hora de finalizacion.
2023-04-10 22:46:12,629 - resultados2/crossref_log - INFO - [TIME] El tiempo que ha tardado es: 0:01:13.052420
2023-04-10 22:46:13,073 - resultados2/crossref_log - INFO - Extraccion de la revista Transactions of the Association for Computational Linguistics
2023-04-10 22:46:13,073 - resultados2/crossref_log - INFO - [TIME] Hora de comienzo.
2023-04-10 22:46:26,909 - resultados2/crossref_log - INFO - [TIME] La hora de finalizacion.
2023-04-10 22:46:26,909 - resultados2/crossref_log - INFO - [TIME] El tiempo que ha tardado es: 0:00:13.835875
2023-04-10 22:46:30,692 - resultados2/crossref_log - INFO - Extraccion de la revista INTERNATIONAL JOURNAL OF INTELLIGENT SYSTEMS
2023-04-10 22:46:30,693 - resultados2/crossref_log - INFO - [TIME] Hora de comienzo.
2023-04-10 22:46:44,948 - resultados2/crossref_log - INFO - [TIME] La hora de finalizacion.
2023-04-10 22:46:44,948 - resultados2/crossref_log - INFO - [TIME] El tiempo que ha tardado es: 0:00:14.254225
2023-04-10 22:46:45,389 - resultados2/crossref_log - INFO - Extraccion de la revista EXPERT SYSTEMS WITH APPLICATIONS
2023-04-10 22:46:45,389 - resultados2/crossref_log - INFO - [TIME] Hora de comienzo.
2023-04-10 22:48:58,966 - resultados2/crossref_log - INFO - [TIME] La hora de finalizacion.
2023-04-10 22:48:58,966 - resultados2/crossref_log - INFO - [TIME] El tiempo que ha tardado es: 0:02:13.576886
2023-04-10 22:48:59,371 - resultados2/crossref_log - INFO - Extraccion de la revista PATTERN RECOGNITION
2023-04-10 22:48:59,372 - resultados2/crossref_log - INFO - [TIME] Hora de comienzo.
2023-04-10 22:50:34,519 - resultados2/crossref_log - INFO - [TIME] La hora de finalizacion.
2023-04-10 22:50:34,519 - resultados2/crossref_log - INFO - [TIME] El tiempo que ha tardado es: 0:01:35.147316
2023-04-10 22:50:34,983 - resultados2/crossref_log - INFO - Extraccion de la revista APPLIED SOFT COMPUTING
2023-04-10 22:50:34,983 - resultados2/crossref_log - INFO - [TIME] Hora de comienzo.
2023-04-10 22:52:35,292 - resultados2/crossref_log - INFO - [TIME] La hora de finalizacion.
2023-04-10 22:52:35,292 - resultados2/crossref_log - INFO - [TIME] El tiempo que ha tardado es: 0:02:00.308142
2023-04-10 22:52:36,627 - resultados2/crossref_log - INFO - Extraccion de la revista KNOWLEDGE-BASED SYSTEMS
2023-04-10 22:52:36,627 - resultados2/crossref_log - INFO - [TIME] Hora de comienzo.
2023-04-10 22:54:10,692 - resultados2/crossref_log - INFO - [TIME] La hora de finalizacion.
2023-04-10 22:54:10,692 - resultados2/crossref_log - INFO - [TIME] El tiempo que ha tardado es: 0:01:34.064431
2023-04-10 22:54:11,153 - resultados2/crossref_log - INFO - Extraccion de la revista CAAI Transactions on Intelligence Technology
2023-04-10 22:54:11,154 - resultados2/crossref_log - INFO - [TIME] Hora de comienzo.
2023-04-10 22:54:20,458 - resultados2/crossref_log - INFO - [TIME] La hora de finalizacion.
2023-04-10 22:54:20,458 - resultados2/crossref_log - INFO - [TIME] El tiempo que ha tardado es: 0:00:09.303576
2023-04-10 22:54:20,894 - resultados2/crossref_log - INFO - Extraccion de la revista ADVANCED ENGINEERING INFORMATICS
2023-04-10 22:54:20,895 - resultados2/crossref_log - INFO - [TIME] Hora de comienzo.
2023-04-10 22:54:40,130 - resultados2/crossref_log - INFO - [TIME] La hora de finalizacion.
2023-04-10 22:54:40,130 - resultados2/crossref_log - INFO - [TIME] El tiempo que ha tardado es: 0:00:19.234917
2023-04-10 22:54:40,567 - resultados2/crossref_log - INFO - Extraccion de la revista ENGINEERING APPLICATIONS OF ARTIFICIAL INTELLIGENCE
2023-04-10 22:54:40,567 - resultados2/crossref_log - INFO - [TIME] Hora de comienzo.
2023-04-10 22:55:04,610 - resultados2/crossref_log - INFO - [TIME] La hora de finalizacion.
2023-04-10 22:55:04,610 - resultados2/crossref_log - INFO - [TIME] El tiempo que ha tardado es: 0:00:24.041208
2023-04-10 22:55:05,101 - resultados2/crossref_log - INFO - Extraccion de la revista COMPUTATIONAL LINGUISTICS
2023-04-10 22:55:05,102 - resultados2/crossref_log - INFO - [TIME] Hora de comienzo.
2023-04-10 22:55:11,185 - resultados2/crossref_log - INFO - [TIME] La hora de finalizacion.
2023-04-10 22:55:11,185 - resultados2/crossref_log - INFO - [TIME] El tiempo que ha tardado es: 0:00:06.082721
2023-04-10 22:55:11,620 - resultados2/crossref_log - INFO - Extraccion de la revista Wiley Interdisciplinary Reviews-Data Mining and Knowledge Discovery
2023-04-10 22:55:11,620 - resultados2/crossref_log - INFO - [TIME] Hora de comienzo.
2023-04-10 22:55:19,909 - resultados2/crossref_log - INFO - [TIME] La hora de finalizacion.
2023-04-10 22:55:19,909 - resultados2/crossref_log - INFO - [TIME] El tiempo que ha tardado es: 0:00:08.289425
2023-04-10 22:55:24,770 - resultados2/crossref_log - INFO - Extraccion de la revista Advanced Intelligent Systems
2023-04-10 22:55:24,770 - resultados2/crossref_log - INFO - [TIME] Hora de comienzo.
2023-04-10 22:55:45,524 - resultados2/crossref_log - INFO - [TIME] La hora de finalizacion.
2023-04-10 22:55:45,524 - resultados2/crossref_log - INFO - [TIME] El tiempo que ha tardado es: 0:00:20.753854
2023-04-10 22:55:45,973 - resultados2/crossref_log - INFO - Extraccion de la revista JOURNAL OF INTELLIGENT MANUFACTURING
2023-04-10 22:55:45,973 - resultados2/crossref_log - INFO - [TIME] Hora de comienzo.
2023-04-10 22:56:12,944 - resultados2/crossref_log - INFO - [TIME] La hora de finalizacion.
2023-04-10 22:56:12,944 - resultados2/crossref_log - INFO - [TIME] El tiempo que ha tardado es: 0:00:26.970890
2023-04-10 22:56:14,427 - resultados2/crossref_log - INFO - Extraccion de la revista Artificial Intelligence in Medicine
2023-04-10 22:56:14,427 - resultados2/crossref_log - INFO - [TIME] Hora de comienzo.
2023-04-10 22:56:40,395 - resultados2/crossref_log - INFO - [TIME] La hora de finalizacion.
2023-04-10 22:56:40,395 - resultados2/crossref_log - INFO - [TIME] El tiempo que ha tardado es: 0:00:25.967227
2023-04-10 22:56:40,821 - resultados2/crossref_log - INFO - Extraccion de la revista DECISION SUPPORT SYSTEMS
2023-04-10 22:56:40,821 - resultados2/crossref_log - INFO - [TIME] Hora de comienzo.
2023-04-10 22:57:19,374 - resultados2/crossref_log - INFO - [TIME] La hora de finalizacion.
2023-04-10 22:57:19,374 - resultados2/crossref_log - INFO - [TIME] El tiempo que ha tardado es: 0:00:38.553681
2023-04-10 22:57:19,820 - resultados2/crossref_log - INFO - Extraccion de la revista IEEE INTELLIGENT SYSTEMS
2023-04-10 22:57:19,820 - resultados2/crossref_log - INFO - [TIME] Hora de comienzo.
2023-04-10 22:57:26,142 - resultados2/crossref_log - INFO - [TIME] La hora de finalizacion.
2023-04-10 22:57:26,142 - resultados2/crossref_log - INFO - [TIME] El tiempo que ha tardado es: 0:00:06.321733
2023-04-10 22:57:26,616 - resultados2/crossref_log - INFO - Extraccion de la revista Complex & Intelligent Systems
2023-04-10 22:57:26,616 - resultados2/crossref_log - INFO - [TIME] Hora de comienzo.
2023-04-10 22:57:35,320 - resultados2/crossref_log - INFO - [TIME] La hora de finalizacion.
2023-04-10 22:57:35,320 - resultados2/crossref_log - INFO - [TIME] El tiempo que ha tardado es: 0:00:08.704176
2023-04-10 22:57:35,770 - resultados2/crossref_log - INFO - Extraccion de la revista International Journal of Neural Systems
2023-04-10 22:57:35,770 - resultados2/crossref_log - INFO - [TIME] Hora de comienzo.
2023-04-10 22:57:50,308 - resultados2/crossref_log - INFO - [TIME] La hora de finalizacion.
2023-04-10 22:57:50,308 - resultados2/crossref_log - INFO - [TIME] El tiempo que ha tardado es: 0:00:14.538574
2023-04-10 22:57:50,734 - resultados2/crossref_log - INFO - Extraccion de la revista INTEGRATED COMPUTER-AIDED ENGINEERING
2023-04-10 22:57:50,735 - resultados2/crossref_log - INFO - [TIME] Hora de comienzo.
2023-04-10 22:57:57,515 - resultados2/crossref_log - INFO - [TIME] La hora de finalizacion.
2023-04-10 22:57:57,515 - resultados2/crossref_log - INFO - [TIME] El tiempo que ha tardado es: 0:00:06.780241
2023-04-10 22:57:57,955 - resultados2/crossref_log - INFO - Extraccion de la revista Machine Learning-Science and Technology
2023-04-10 22:57:57,955 - resultados2/crossref_log - INFO - [TIME] Hora de comienzo.
2023-04-10 22:58:05,188 - resultados2/crossref_log - INFO - [TIME] La hora de finalizacion.
2023-04-10 22:58:05,188 - resultados2/crossref_log - INFO - [TIME] El tiempo que ha tardado es: 0:00:07.232868
2023-04-10 22:58:05,612 - resultados2/crossref_log - INFO - Extraccion de la revista NEUROCOMPUTING
2023-04-10 22:58:05,613 - resultados2/crossref_log - INFO - [TIME] Hora de comienzo.
2023-04-10 23:00:28,875 - resultados2/crossref_log - INFO - [TIME] La hora de finalizacion.
2023-04-10 23:00:28,876 - resultados2/crossref_log - INFO - [TIME] El tiempo que ha tardado es: 0:02:23.261627
2023-04-10 23:00:29,332 - resultados2/crossref_log - INFO - Extraccion de la revista MACHINE LEARNING
2023-04-10 23:00:29,333 - resultados2/crossref_log - INFO - [TIME] Hora de comienzo.
2023-04-10 23:00:49,193 - resultados2/crossref_log - INFO - [TIME] La hora de finalizacion.
2023-04-10 23:00:49,193 - resultados2/crossref_log - INFO - [TIME] El tiempo que ha tardado es: 0:00:19.860010
2023-04-10 23:00:52,155 - resultados2/crossref_log - INFO - Extraccion de la revista DATA MINING AND KNOWLEDGE DISCOVERY
2023-04-10 23:00:52,156 - resultados2/crossref_log - INFO - [TIME] Hora de comienzo.
2023-04-10 23:01:09,798 - resultados2/crossref_log - INFO - [TIME] La hora de finalizacion.
2023-04-10 23:01:09,798 - resultados2/crossref_log - INFO - [TIME] El tiempo que ha tardado es: 0:00:17.641678
2023-04-10 23:01:10,279 - resultados2/crossref_log - INFO - Extraccion de la revista MINDS AND MACHINES
2023-04-10 23:01:10,279 - resultados2/crossref_log - INFO - [TIME] Hora de comienzo.
2023-04-10 23:01:20,557 - resultados2/crossref_log - INFO - [TIME] La hora de finalizacion.
2023-04-10 23:01:20,557 - resultados2/crossref_log - INFO - [TIME] El tiempo que ha tardado es: 0:00:10.277125
2023-04-10 23:01:20,972 - resultados2/crossref_log - INFO - Extraccion de la revista Fuzzy Optimization and Decision Making
2023-04-10 23:01:20,972 - resultados2/crossref_log - INFO - [TIME] Hora de comienzo.
2023-04-10 23:01:28,930 - resultados2/crossref_log - INFO - [TIME] La hora de finalizacion.
2023-04-10 23:01:28,930 - resultados2/crossref_log - INFO - [TIME] El tiempo que ha tardado es: 0:00:07.957230
2023-04-10 23:01:29,344 - resultados2/crossref_log - INFO - Extraccion de la revista JOURNAL OF MACHINE LEARNING RESEARCH
2023-04-10 23:01:29,345 - resultados2/crossref_log - INFO - [TIME] Hora de comienzo.
2023-04-10 23:01:34,543 - resultados2/crossref_log - INFO - [TIME] La hora de finalizacion.
2023-04-10 23:01:34,543 - resultados2/crossref_log - INFO - [TIME] El tiempo que ha tardado es: 0:00:05.198561
2023-04-10 23:01:34,960 - resultados2/crossref_log - INFO - Extraccion de la revista NEURAL COMPUTING & APPLICATIONS
2023-04-10 23:01:34,961 - resultados2/crossref_log - INFO - [TIME] Hora de comienzo.
2023-04-10 23:02:31,906 - resultados2/crossref_log - INFO - [TIME] La hora de finalizacion.
2023-04-10 23:02:31,906 - resultados2/crossref_log - INFO - [TIME] El tiempo que ha tardado es: 0:00:56.945432
2023-04-10 23:02:32,361 - resultados2/crossref_log - INFO - Extraccion de la revista APPLIED INTELLIGENCE
2023-04-10 23:02:32,361 - resultados2/crossref_log - INFO - [TIME] Hora de comienzo.
2023-04-10 23:03:35,406 - resultados2/crossref_log - INFO - [TIME] La hora de finalizacion.
2023-04-10 23:03:35,406 - resultados2/crossref_log - INFO - [TIME] El tiempo que ha tardado es: 0:01:03.044924
2023-04-10 23:03:35,843 - resultados2/crossref_log - INFO - Extraccion de la revista IEEE Transactions on Intelligent Vehicles
2023-04-10 23:03:35,843 - resultados2/crossref_log - INFO - [TIME] Hora de comienzo.
2023-04-10 23:03:39,468 - resultados2/crossref_log - INFO - [TIME] La hora de finalizacion.
2023-04-10 23:03:39,468 - resultados2/crossref_log - INFO - [TIME] El tiempo que ha tardado es: 0:00:03.625277
2023-04-10 23:03:39,923 - resultados2/crossref_log - INFO - Extraccion de la revista International Journal of Interactive Multimedia and Artificial Intelligence
2023-04-10 23:03:39,924 - resultados2/crossref_log - INFO - [TIME] Hora de comienzo.
2023-04-10 23:03:40,979 - resultados2/crossref_log - INFO - [TIME] La hora de finalizacion.
2023-04-10 23:03:40,979 - resultados2/crossref_log - INFO - [TIME] El tiempo que ha tardado es: 0:00:01.055033
2023-04-10 23:03:41,627 - resultados2/crossref_log - INFO - Extraccion de la revista Cognitive Computation
2023-04-10 23:03:41,627 - resultados2/crossref_log - INFO - [TIME] Hora de comienzo.
2023-04-10 23:03:49,595 - resultados2/crossref_log - INFO - [TIME] La hora de finalizacion.
2023-04-10 23:03:49,595 - resultados2/crossref_log - INFO - [TIME] El tiempo que ha tardado es: 0:00:07.967567
2023-04-10 23:03:50,062 - resultados2/crossref_log - INFO - Extraccion de la revista COMPUTER VISION AND IMAGE UNDERSTANDING
2023-04-10 23:03:50,063 - resultados2/crossref_log - INFO - [TIME] Hora de comienzo.
2023-04-10 23:04:14,465 - resultados2/crossref_log - INFO - [TIME] La hora de finalizacion.
2023-04-10 23:04:14,466 - resultados2/crossref_log - INFO - [TIME] El tiempo que ha tardado es: 0:00:24.401781
2023-04-10 23:04:14,887 - resultados2/crossref_log - INFO - Extraccion de la revista IEEE Transactions on Emerging Topics in Computational Intelligence
2023-04-10 23:04:14,887 - resultados2/crossref_log - INFO - [TIME] Hora de comienzo.
2023-04-10 23:04:20,140 - resultados2/crossref_log - INFO - [TIME] La hora de finalizacion.
2023-04-10 23:04:20,140 - resultados2/crossref_log - INFO - [TIME] El tiempo que ha tardado es: 0:00:05.253157
2023-04-10 23:04:20,625 - resultados2/crossref_log - INFO - Extraccion de la revista EVOLUTIONARY COMPUTATION
2023-04-10 23:04:20,625 - resultados2/crossref_log - INFO - [TIME] Hora de comienzo.
2023-04-10 23:04:29,232 - resultados2/crossref_log - INFO - [TIME] La hora de finalizacion.
2023-04-10 23:04:29,232 - resultados2/crossref_log - INFO - [TIME] El tiempo que ha tardado es: 0:00:08.606087
2023-04-10 23:04:34,119 - resultados2/crossref_log - INFO - Extraccion de la revista PATTERN RECOGNITION LETTERS
2023-04-10 23:04:34,119 - resultados2/crossref_log - INFO - [TIME] Hora de comienzo.
2023-04-10 23:05:14,052 - resultados2/crossref_log - INFO - [TIME] La hora de finalizacion.
2023-04-10 23:05:14,052 - resultados2/crossref_log - INFO - [TIME] El tiempo que ha tardado es: 0:00:39.932918
2023-04-10 23:05:14,849 - resultados2/crossref_log - INFO - Extraccion de la revista IEEE Transactions on Cognitive and Developmental Systems
2023-04-10 23:05:14,850 - resultados2/crossref_log - INFO - [TIME] Hora de comienzo.
2023-04-10 23:05:22,605 - resultados2/crossref_log - INFO - [TIME] La hora de finalizacion.
2023-04-10 23:05:22,605 - resultados2/crossref_log - INFO - [TIME] El tiempo que ha tardado es: 0:00:07.755403
2023-04-10 23:05:23,085 - resultados2/crossref_log - INFO - Extraccion de la revista Cognitive Systems Research
2023-04-10 23:05:23,085 - resultados2/crossref_log - INFO - [TIME] Hora de comienzo.
2023-04-10 23:05:40,252 - resultados2/crossref_log - INFO - [TIME] La hora de finalizacion.
2023-04-10 23:05:40,252 - resultados2/crossref_log - INFO - [TIME] El tiempo que ha tardado es: 0:00:17.166934
2023-04-10 23:05:40,704 - resultados2/crossref_log - INFO - Extraccion de la revista INTERNATIONAL JOURNAL OF APPROXIMATE REASONING
2023-04-10 23:05:40,705 - resultados2/crossref_log - INFO - [TIME] Hora de comienzo.
2023-04-10 23:06:26,828 - resultados2/crossref_log - INFO - [TIME] La hora de finalizacion.
2023-04-10 23:06:26,828 - resultados2/crossref_log - INFO - [TIME] El tiempo que ha tardado es: 0:00:46.123354
2023-04-10 23:06:27,275 - resultados2/crossref_log - INFO - Extraccion de la revista International Journal of Machine Learning and Cybernetics
2023-04-10 23:06:27,275 - resultados2/crossref_log - INFO - [TIME] Hora de comienzo.
2023-04-10 23:07:02,312 - resultados2/crossref_log - INFO - [TIME] La hora de finalizacion.
2023-04-10 23:07:02,312 - resultados2/crossref_log - INFO - [TIME] El tiempo que ha tardado es: 0:00:35.036831
2023-04-10 23:07:10,422 - resultados2/crossref_log - INFO - Extraccion de la revista Egyptian Informatics Journal
2023-04-10 23:07:10,422 - resultados2/crossref_log - INFO - [TIME] Hora de comienzo.
2023-04-10 23:07:18,170 - resultados2/crossref_log - INFO - [TIME] La hora de finalizacion.
2023-04-10 23:07:18,170 - resultados2/crossref_log - INFO - [TIME] El tiempo que ha tardado es: 0:00:07.747737
2023-04-10 23:07:18,638 - resultados2/crossref_log - INFO - Extraccion de la revista CHEMOMETRICS AND INTELLIGENT LABORATORY SYSTEMS
2023-04-10 23:07:18,638 - resultados2/crossref_log - INFO - [TIME] Hora de comienzo.
2023-04-10 23:07:51,515 - resultados2/crossref_log - INFO - [TIME] La hora de finalizacion.
2023-04-10 23:07:51,515 - resultados2/crossref_log - INFO - [TIME] El tiempo que ha tardado es: 0:00:32.877684
2023-04-10 23:07:52,019 - resultados2/crossref_log - INFO - Extraccion de la revista IEEE Transactions on Human-Machine Systems
2023-04-10 23:07:52,019 - resultados2/crossref_log - INFO - [TIME] Hora de comienzo.
2023-04-10 23:08:10,213 - resultados2/crossref_log - INFO - [TIME] La hora de finalizacion.
2023-04-10 23:08:10,213 - resultados2/crossref_log - INFO - [TIME] El tiempo que ha tardado es: 0:00:18.193946
2023-04-10 23:08:18,900 - resultados2/crossref_log - INFO - Extraccion de la revista International Journal of Fuzzy Systems
2023-04-10 23:08:18,900 - resultados2/crossref_log - INFO - [TIME] Hora de comienzo.
2023-04-10 23:08:49,303 - resultados2/crossref_log - INFO - [TIME] La hora de finalizacion.
2023-04-10 23:08:49,303 - resultados2/crossref_log - INFO - [TIME] El tiempo que ha tardado es: 0:00:30.402526
2023-04-10 23:08:49,758 - resultados2/crossref_log - INFO - Extraccion de la revista International Journal on Document Analysis and Recognition
2023-04-10 23:08:49,758 - resultados2/crossref_log - INFO - [TIME] Hora de comienzo.
2023-04-10 23:08:59,385 - resultados2/crossref_log - INFO - [TIME] La hora de finalizacion.
2023-04-10 23:08:59,385 - resultados2/crossref_log - INFO - [TIME] El tiempo que ha tardado es: 0:00:09.626218
2023-04-10 23:09:00,317 - resultados2/crossref_log - INFO - Extraccion de la revista IMAGE AND VISION COMPUTING
2023-04-10 23:09:00,317 - resultados2/crossref_log - INFO - [TIME] Hora de comienzo.
2023-04-10 23:09:38,082 - resultados2/crossref_log - INFO - [TIME] La hora de finalizacion.
2023-04-10 23:09:38,082 - resultados2/crossref_log - INFO - [TIME] El tiempo que ha tardado es: 0:00:37.764775
2023-04-10 23:09:38,589 - resultados2/crossref_log - INFO - Extraccion de la revista Big Data Research
2023-04-10 23:09:38,589 - resultados2/crossref_log - INFO - [TIME] Hora de comienzo.
2023-04-10 23:09:45,778 - resultados2/crossref_log - INFO - [TIME] La hora de finalizacion.
2023-04-10 23:09:45,778 - resultados2/crossref_log - INFO - [TIME] El tiempo que ha tardado es: 0:00:07.188608
2023-04-10 23:09:46,256 - resultados2/crossref_log - INFO - Extraccion de la revista SOFT COMPUTING
2023-04-10 23:09:46,256 - resultados2/crossref_log - INFO - [TIME] Hora de comienzo.
2023-04-10 23:11:14,652 - resultados2/crossref_log - INFO - [TIME] La hora de finalizacion.
2023-04-10 23:11:14,652 - resultados2/crossref_log - INFO - [TIME] El tiempo que ha tardado es: 0:01:28.395442
2023-04-10 23:11:15,128 - resultados2/crossref_log - INFO - Extraccion de la revista Swarm Intelligence
2023-04-10 23:11:15,128 - resultados2/crossref_log - INFO - [TIME] Hora de comienzo.
2023-04-10 23:11:23,853 - resultados2/crossref_log - INFO - [TIME] La hora de finalizacion.
2023-04-10 23:11:23,853 - resultados2/crossref_log - INFO - [TIME] El tiempo que ha tardado es: 0:00:08.724355
2023-04-10 23:11:24,288 - resultados2/crossref_log - INFO - Extraccion de la revista ROBOTICS AND AUTONOMOUS SYSTEMS
2023-04-10 23:11:24,288 - resultados2/crossref_log - INFO - [TIME] Hora de comienzo.
2023-04-10 23:12:04,396 - resultados2/crossref_log - INFO - [TIME] La hora de finalizacion.
2023-04-10 23:12:04,396 - resultados2/crossref_log - INFO - [TIME] El tiempo que ha tardado es: 0:00:40.107725
2023-04-10 23:12:04,870 - resultados2/crossref_log - INFO - Extraccion de la revista Journal of Ambient Intelligence and Humanized Computing
2023-04-10 23:12:04,870 - resultados2/crossref_log - INFO - [TIME] Hora de comienzo.
2023-04-10 23:12:58,710 - resultados2/crossref_log - INFO - [TIME] La hora de finalizacion.
2023-04-10 23:12:58,710 - resultados2/crossref_log - INFO - [TIME] El tiempo que ha tardado es: 0:00:53.840006
2023-04-10 23:13:00,602 - resultados2/crossref_log - INFO - Extraccion de la revista JOURNAL OF ARTIFICIAL INTELLIGENCE RESEARCH
2023-04-10 23:13:00,602 - resultados2/crossref_log - INFO - [TIME] Hora de comienzo.
2023-04-10 23:13:08,390 - resultados2/crossref_log - INFO - [TIME] La hora de finalizacion.
2023-04-10 23:13:08,390 - resultados2/crossref_log - INFO - [TIME] El tiempo que ha tardado es: 0:00:07.787396
2023-04-10 23:13:08,845 - resultados2/crossref_log - INFO - Extraccion de la revista Memetic Computing
2023-04-10 23:13:08,845 - resultados2/crossref_log - INFO - [TIME] Hora de comienzo.
2023-04-10 23:13:25,070 - resultados2/crossref_log - INFO - [TIME] La hora de finalizacion.
2023-04-10 23:13:25,070 - resultados2/crossref_log - INFO - [TIME] El tiempo que ha tardado es: 0:00:16.225888
2023-04-10 23:13:25,743 - resultados2/crossref_log - INFO - Extraccion de la revista INTERNATIONAL JOURNAL OF INFORMATION TECHNOLOGY & DECISION MAKING
2023-04-10 23:13:25,743 - resultados2/crossref_log - INFO - [TIME] Hora de comienzo.
2023-04-10 23:13:40,103 - resultados2/crossref_log - INFO - [TIME] La hora de finalizacion.
2023-04-10 23:13:40,103 - resultados2/crossref_log - INFO - [TIME] El tiempo que ha tardado es: 0:00:14.359888
2023-04-10 23:13:40,600 - resultados2/crossref_log - INFO - Extraccion de la revista Frontiers in Neurorobotics
2023-04-10 23:13:40,600 - resultados2/crossref_log - INFO - [TIME] Hora de comienzo.
2023-04-10 23:13:59,687 - resultados2/crossref_log - INFO - [TIME] La hora de finalizacion.
2023-04-10 23:13:59,687 - resultados2/crossref_log - INFO - [TIME] El tiempo que ha tardado es: 0:00:19.087030
2023-04-10 23:14:00,160 - resultados2/crossref_log - INFO - Extraccion de la revista INTELLIGENT AUTOMATION AND SOFT COMPUTING
2023-04-10 23:14:00,160 - resultados2/crossref_log - INFO - [TIME] Hora de comienzo.
2023-04-10 23:14:09,558 - resultados2/crossref_log - INFO - [TIME] La hora de finalizacion.
2023-04-10 23:14:09,558 - resultados2/crossref_log - INFO - [TIME] El tiempo que ha tardado es: 0:00:09.398251
2023-04-10 23:14:09,986 - resultados2/crossref_log - INFO - Extraccion de la revista International Journal of Bio-Inspired Computation
2023-04-10 23:14:09,986 - resultados2/crossref_log - INFO - [TIME] Hora de comienzo.
2023-04-10 23:14:19,568 - resultados2/crossref_log - INFO - [TIME] La hora de finalizacion.
2023-04-10 23:14:19,568 - resultados2/crossref_log - INFO - [TIME] El tiempo que ha tardado es: 0:00:09.581558
2023-04-10 23:14:20,027 - resultados2/crossref_log - INFO - Extraccion de la revista NEURAL COMPUTATION
2023-04-10 23:14:20,028 - resultados2/crossref_log - INFO - [TIME] Hora de comienzo.
2023-04-10 23:14:43,568 - resultados2/crossref_log - INFO - [TIME] La hora de finalizacion.
2023-04-10 23:14:43,568 - resultados2/crossref_log - INFO - [TIME] El tiempo que ha tardado es: 0:00:23.539932
2023-04-10 23:14:46,866 - resultados2/crossref_log - INFO - Extraccion de la revista AUTONOMOUS ROBOTS
2023-04-10 23:14:46,867 - resultados2/crossref_log - INFO - [TIME] Hora de comienzo.
2023-04-10 23:15:04,032 - resultados2/crossref_log - INFO - [TIME] La hora de finalizacion.
2023-04-10 23:15:04,032 - resultados2/crossref_log - INFO - [TIME] El tiempo que ha tardado es: 0:00:17.164515
2023-04-10 23:15:09,797 - resultados2/crossref_log - INFO - Extraccion de la revista COMPUTER SPEECH AND LANGUAGE
2023-04-10 23:15:09,797 - resultados2/crossref_log - INFO - [TIME] Hora de comienzo.
2023-04-10 23:15:26,707 - resultados2/crossref_log - INFO - [TIME] La hora de finalizacion.
2023-04-10 23:15:26,707 - resultados2/crossref_log - INFO - [TIME] El tiempo que ha tardado es: 0:00:16.910028
2023-04-10 23:15:27,133 - resultados2/crossref_log - INFO - Extraccion de la revista JOURNAL OF INTELLIGENT & ROBOTIC SYSTEMS
2023-04-10 23:15:27,133 - resultados2/crossref_log - INFO - [TIME] Hora de comienzo.
2023-04-10 23:16:01,165 - resultados2/crossref_log - INFO - [TIME] La hora de finalizacion.
2023-04-10 23:16:01,166 - resultados2/crossref_log - INFO - [TIME] El tiempo que ha tardado es: 0:00:34.031796
2023-04-10 23:16:01,622 - resultados2/crossref_log - INFO - Extraccion de la revista Semantic Web
2023-04-10 23:16:01,623 - resultados2/crossref_log - INFO - [TIME] Hora de comienzo.
2023-04-10 23:16:06,883 - resultados2/crossref_log - INFO - [TIME] La hora de finalizacion.
2023-04-10 23:16:06,883 - resultados2/crossref_log - INFO - [TIME] El tiempo que ha tardado es: 0:00:05.259926
2023-04-10 23:16:07,707 - resultados2/crossref_log - INFO - Extraccion de la revista MACHINE VISION AND APPLICATIONS
2023-04-10 23:16:07,708 - resultados2/crossref_log - INFO - [TIME] Hora de comienzo.
2023-04-10 23:16:28,000 - resultados2/crossref_log - INFO - [TIME] La hora de finalizacion.
2023-04-10 23:16:28,000 - resultados2/crossref_log - INFO - [TIME] El tiempo que ha tardado es: 0:00:20.291789
2023-04-10 23:16:28,511 - resultados2/crossref_log - INFO - Extraccion de la revista EXPERT SYSTEMS
2023-04-10 23:16:28,512 - resultados2/crossref_log - INFO - [TIME] Hora de comienzo.
2023-04-10 23:16:49,065 - resultados2/crossref_log - INFO - [TIME] La hora de finalizacion.
2023-04-10 23:16:49,065 - resultados2/crossref_log - INFO - [TIME] El tiempo que ha tardado es: 0:00:20.553067
2023-04-10 23:16:49,519 - resultados2/crossref_log - INFO - Extraccion de la revista APPLIED ARTIFICIAL INTELLIGENCE
2023-04-10 23:16:49,520 - resultados2/crossref_log - INFO - [TIME] Hora de comienzo.
2023-04-10 23:17:01,064 - resultados2/crossref_log - INFO - [TIME] La hora de finalizacion.
2023-04-10 23:17:01,064 - resultados2/crossref_log - INFO - [TIME] El tiempo que ha tardado es: 0:00:11.544649
2023-04-10 23:17:06,824 - resultados2/crossref_log - INFO - Extraccion de la revista Journal of Web Semantics
2023-04-10 23:17:06,824 - resultados2/crossref_log - INFO - [TIME] Hora de comienzo.
2023-04-10 23:17:25,748 - resultados2/crossref_log - INFO - [TIME] La hora de finalizacion.
2023-04-10 23:17:25,749 - resultados2/crossref_log - INFO - [TIME] El tiempo que ha tardado es: 0:00:18.924329
2023-04-10 23:17:26,209 - resultados2/crossref_log - INFO - Extraccion de la revista Journal of Ambient Intelligence and Smart Environments
2023-04-10 23:17:26,209 - resultados2/crossref_log - INFO - [TIME] Hora de comienzo.
2023-04-10 23:17:34,226 - resultados2/crossref_log - INFO - [TIME] La hora de finalizacion.
2023-04-10 23:17:34,226 - resultados2/crossref_log - INFO - [TIME] El tiempo que ha tardado es: 0:00:08.016203
2023-04-10 23:17:34,648 - resultados2/crossref_log - INFO - Extraccion de la revista Artificial Intelligence and Law
2023-04-10 23:17:34,649 - resultados2/crossref_log - INFO - [TIME] Hora de comienzo.
2023-04-10 23:17:39,461 - resultados2/crossref_log - INFO - [TIME] La hora de finalizacion.
2023-04-10 23:17:39,461 - resultados2/crossref_log - INFO - [TIME] El tiempo que ha tardado es: 0:00:04.812038
2023-04-10 23:17:40,758 - resultados2/crossref_log - INFO - Extraccion de la revista IET Biometrics
2023-04-10 23:17:40,758 - resultados2/crossref_log - INFO - [TIME] Hora de comienzo.
2023-04-10 23:17:52,468 - resultados2/crossref_log - INFO - [TIME] La hora de finalizacion.
2023-04-10 23:17:52,468 - resultados2/crossref_log - INFO - [TIME] El tiempo que ha tardado es: 0:00:11.709753
2023-04-10 23:17:55,337 - resultados2/crossref_log - INFO - Extraccion de la revista Journal of Artificial Intelligence and Soft Computing Research
2023-04-10 23:17:55,337 - resultados2/crossref_log - INFO - [TIME] Hora de comienzo.
2023-04-10 23:18:07,815 - resultados2/crossref_log - INFO - [TIME] La hora de finalizacion.
2023-04-10 23:18:07,815 - resultados2/crossref_log - INFO - [TIME] El tiempo que ha tardado es: 0:00:12.478286
2023-04-10 23:18:08,258 - resultados2/crossref_log - INFO - Extraccion de la revista NEURAL PROCESSING LETTERS
2023-04-10 23:18:08,258 - resultados2/crossref_log - INFO - [TIME] Hora de comienzo.
2023-04-10 23:18:29,067 - resultados2/crossref_log - INFO - [TIME] La hora de finalizacion.
2023-04-10 23:18:29,068 - resultados2/crossref_log - INFO - [TIME] El tiempo que ha tardado es: 0:00:20.809474
2023-04-10 23:18:29,574 - resultados2/crossref_log - INFO - Extraccion de la revista International Journal of Multimedia Information Retrieval
2023-04-10 23:18:29,574 - resultados2/crossref_log - INFO - [TIME] Hora de comienzo.
2023-04-10 23:18:45,874 - resultados2/crossref_log - INFO - [TIME] La hora de finalizacion.
2023-04-10 23:18:45,874 - resultados2/crossref_log - INFO - [TIME] El tiempo que ha tardado es: 0:00:16.299442
2023-04-10 23:18:46,289 - resultados2/crossref_log - INFO - Extraccion de la revista KNOWLEDGE AND INFORMATION SYSTEMS
2023-04-10 23:18:46,289 - resultados2/crossref_log - INFO - [TIME] Hora de comienzo.
2023-04-10 23:19:03,064 - resultados2/crossref_log - INFO - [TIME] La hora de finalizacion.
2023-04-10 23:19:03,064 - resultados2/crossref_log - INFO - [TIME] El tiempo que ha tardado es: 0:00:16.774453
2023-04-10 23:19:10,988 - resultados2/crossref_log - INFO - Extraccion de la revista AI MAGAZINE
2023-04-10 23:19:10,988 - resultados2/crossref_log - INFO - [TIME] Hora de comienzo.
2023-04-10 23:19:24,184 - resultados2/crossref_log - INFO - [TIME] La hora de finalizacion.
2023-04-10 23:19:24,184 - resultados2/crossref_log - INFO - [TIME] El tiempo que ha tardado es: 0:00:13.196324
2023-04-10 23:19:24,674 - resultados2/crossref_log - INFO - Extraccion de la revista Genetic Programming and Evolvable Machines
2023-04-10 23:19:24,674 - resultados2/crossref_log - INFO - [TIME] Hora de comienzo.
2023-04-10 23:19:27,825 - resultados2/crossref_log - INFO - [TIME] La hora de finalizacion.
2023-04-10 23:19:27,825 - resultados2/crossref_log - INFO - [TIME] El tiempo que ha tardado es: 0:00:03.150922
2023-04-10 23:19:28,248 - resultados2/crossref_log - INFO - Extraccion de la revista JOURNAL OF INTELLIGENT INFORMATION SYSTEMS
2023-04-10 23:19:28,248 - resultados2/crossref_log - INFO - [TIME] Hora de comienzo.
2023-04-10 23:19:38,296 - resultados2/crossref_log - INFO - [TIME] La hora de finalizacion.
2023-04-10 23:19:38,297 - resultados2/crossref_log - INFO - [TIME] El tiempo que ha tardado es: 0:00:10.047212
2023-04-10 23:19:41,523 - resultados2/crossref_log - INFO - Extraccion de la revista JOURNAL OF CHEMOMETRICS
2023-04-10 23:19:41,523 - resultados2/crossref_log - INFO - [TIME] Hora de comienzo.
2023-04-10 23:20:11,383 - resultados2/crossref_log - INFO - [TIME] La hora de finalizacion.
2023-04-10 23:20:11,383 - resultados2/crossref_log - INFO - [TIME] El tiempo que ha tardado es: 0:00:29.859769
2023-04-10 23:20:11,887 - resultados2/crossref_log - INFO - Extraccion de la revista AUTONOMOUS AGENTS AND MULTI-AGENT SYSTEMS
2023-04-10 23:20:11,887 - resultados2/crossref_log - INFO - [TIME] Hora de comienzo.
2023-04-10 23:20:26,525 - resultados2/crossref_log - INFO - [TIME] La hora de finalizacion.
2023-04-10 23:20:26,525 - resultados2/crossref_log - INFO - [TIME] El tiempo que ha tardado es: 0:00:14.638309
2023-04-10 23:20:32,085 - resultados2/crossref_log - INFO - Extraccion de la revista PeerJ Computer Science
2023-04-10 23:20:32,085 - resultados2/crossref_log - INFO - [TIME] Hora de comienzo.
2023-04-10 23:20:53,417 - resultados2/crossref_log - INFO - [TIME] La hora de finalizacion.
2023-04-10 23:20:53,417 - resultados2/crossref_log - INFO - [TIME] El tiempo que ha tardado es: 0:00:21.331460
2023-04-10 23:20:55,900 - resultados2/crossref_log - INFO - Extraccion de la revista Evolving Systems
2023-04-10 23:20:55,901 - resultados2/crossref_log - INFO - [TIME] Hora de comienzo.
2023-04-10 23:21:05,775 - resultados2/crossref_log - INFO - [TIME] La hora de finalizacion.
2023-04-10 23:21:05,775 - resultados2/crossref_log - INFO - [TIME] El tiempo que ha tardado es: 0:00:09.873531
2023-04-10 23:21:06,235 - resultados2/crossref_log - INFO - Extraccion de la revista PATTERN ANALYSIS AND APPLICATIONS
2023-04-10 23:21:06,235 - resultados2/crossref_log - INFO - [TIME] Hora de comienzo.
2023-04-10 23:21:28,146 - resultados2/crossref_log - INFO - [TIME] La hora de finalizacion.
2023-04-10 23:21:28,146 - resultados2/crossref_log - INFO - [TIME] El tiempo que ha tardado es: 0:00:21.910685
2023-04-10 23:21:29,761 - resultados2/crossref_log - INFO - Extraccion de la revista Traitement du Signal
2023-04-10 23:21:29,762 - resultados2/crossref_log - INFO - [TIME] Hora de comienzo.
2023-04-10 23:21:38,822 - resultados2/crossref_log - INFO - [TIME] La hora de finalizacion.
2023-04-10 23:21:38,822 - resultados2/crossref_log - INFO - [TIME] El tiempo que ha tardado es: 0:00:09.060245
2023-04-10 23:21:39,304 - resultados2/crossref_log - INFO - Extraccion de la revista JOURNAL OF EXPERIMENTAL & THEORETICAL ARTIFICIAL INTELLIGENCE
2023-04-10 23:21:39,304 - resultados2/crossref_log - INFO - [TIME] Hora de comienzo.
2023-04-10 23:21:48,253 - resultados2/crossref_log - INFO - [TIME] La hora de finalizacion.
2023-04-10 23:21:48,253 - resultados2/crossref_log - INFO - [TIME] El tiempo que ha tardado es: 0:00:08.949003
2023-04-10 23:21:48,674 - resultados2/crossref_log - INFO - Extraccion de la revista Journal of Real-Time Image Processing
2023-04-10 23:21:48,674 - resultados2/crossref_log - INFO - [TIME] Hora de comienzo.
2023-04-10 23:22:11,843 - resultados2/crossref_log - INFO - [TIME] La hora de finalizacion.
2023-04-10 23:22:11,843 - resultados2/crossref_log - INFO - [TIME] El tiempo que ha tardado es: 0:00:23.169419
2023-04-10 23:22:18,192 - resultados2/crossref_log - INFO - Extraccion de la revista International Journal of Computational Intelligence Systems
2023-04-10 23:22:18,193 - resultados2/crossref_log - INFO - [TIME] Hora de comienzo.
2023-04-10 23:22:19,526 - resultados2/crossref_log - INFO - [TIME] La hora de finalizacion.
2023-04-10 23:22:19,526 - resultados2/crossref_log - INFO - [TIME] El tiempo que ha tardado es: 0:00:01.333818
2023-04-10 23:22:20,000 - resultados2/crossref_log - INFO - Extraccion de la revista JOURNAL OF HEURISTICS
2023-04-10 23:22:20,000 - resultados2/crossref_log - INFO - [TIME] Hora de comienzo.
2023-04-10 23:22:23,248 - resultados2/crossref_log - INFO - [TIME] La hora de finalizacion.
2023-04-10 23:22:23,248 - resultados2/crossref_log - INFO - [TIME] El tiempo que ha tardado es: 0:00:03.247825
2023-04-10 23:22:25,043 - resultados2/crossref_log - INFO - Extraccion de la revista International Journal of Applied Mathematics and Computer Science
2023-04-10 23:22:25,043 - resultados2/crossref_log - INFO - [TIME] Hora de comienzo.
2023-04-10 23:22:28,043 - resultados2/crossref_log - INFO - [TIME] La hora de finalizacion.
2023-04-10 23:22:28,044 - resultados2/crossref_log - INFO - [TIME] El tiempo que ha tardado es: 0:00:03.000582
2023-04-10 23:22:28,461 - resultados2/crossref_log - INFO - Extraccion de la revista COMPUTATIONAL INTELLIGENCE
2023-04-10 23:22:28,461 - resultados2/crossref_log - INFO - [TIME] Hora de comienzo.
2023-04-10 23:22:41,670 - resultados2/crossref_log - INFO - [TIME] La hora de finalizacion.
2023-04-10 23:22:41,670 - resultados2/crossref_log - INFO - [TIME] El tiempo que ha tardado es: 0:00:13.209842
2023-04-10 23:22:42,131 - resultados2/crossref_log - INFO - Extraccion de la revista KNOWLEDGE ENGINEERING REVIEW
2023-04-10 23:22:42,131 - resultados2/crossref_log - INFO - [TIME] Hora de comienzo.
2023-04-10 23:22:45,284 - resultados2/crossref_log - INFO - [TIME] La hora de finalizacion.
2023-04-10 23:22:45,284 - resultados2/crossref_log - INFO - [TIME] El tiempo que ha tardado es: 0:00:03.152544
2023-04-10 23:22:45,696 - resultados2/crossref_log - INFO - Extraccion de la revista SIAM Journal on Imaging Sciences
2023-04-10 23:22:45,696 - resultados2/crossref_log - INFO - [TIME] Hora de comienzo.
2023-04-10 23:23:00,053 - resultados2/crossref_log - INFO - [TIME] La hora de finalizacion.
2023-04-10 23:23:00,054 - resultados2/crossref_log - INFO - [TIME] El tiempo que ha tardado es: 0:00:14.356438
2023-04-10 23:23:00,523 - resultados2/crossref_log - INFO - Extraccion de la revista ACM Transactions on Autonomous and Adaptive Systems
2023-04-10 23:23:00,523 - resultados2/crossref_log - INFO - [TIME] Hora de comienzo.
2023-04-10 23:23:07,219 - resultados2/crossref_log - INFO - [TIME] La hora de finalizacion.
2023-04-10 23:23:07,219 - resultados2/crossref_log - INFO - [TIME] El tiempo que ha tardado es: 0:00:06.696042
2023-04-10 23:23:07,675 - resultados2/crossref_log - INFO - Extraccion de la revista ACM Transactions on Interactive Intelligent Systems
2023-04-10 23:23:07,675 - resultados2/crossref_log - INFO - [TIME] Hora de comienzo.
2023-04-10 23:23:10,190 - resultados2/crossref_log - INFO - [TIME] La hora de finalizacion.
2023-04-10 23:23:10,190 - resultados2/crossref_log - INFO - [TIME] El tiempo que ha tardado es: 0:00:02.514632
2023-04-10 23:23:10,652 - resultados2/crossref_log - INFO - Extraccion de la revista ADAPTIVE BEHAVIOR
2023-04-10 23:23:10,652 - resultados2/crossref_log - INFO - [TIME] Hora de comienzo.
2023-04-10 23:23:16,124 - resultados2/crossref_log - INFO - [TIME] La hora de finalizacion.
2023-04-10 23:23:16,124 - resultados2/crossref_log - INFO - [TIME] El tiempo que ha tardado es: 0:00:05.471103
2023-04-10 23:23:16,544 - resultados2/crossref_log - INFO - Extraccion de la revista Natural Language Engineering
2023-04-10 23:23:16,544 - resultados2/crossref_log - INFO - [TIME] Hora de comienzo.
2023-04-10 23:23:30,534 - resultados2/crossref_log - INFO - [TIME] La hora de finalizacion.
2023-04-10 23:23:30,534 - resultados2/crossref_log - INFO - [TIME] El tiempo que ha tardado es: 0:00:13.989156
2023-04-10 23:23:30,938 - resultados2/crossref_log - INFO - Extraccion de la revista IET Image Processing
2023-04-10 23:23:30,938 - resultados2/crossref_log - INFO - [TIME] Hora de comienzo.
2023-04-10 23:23:37,958 - resultados2/crossref_log - INFO - [TIME] La hora de finalizacion.
2023-04-10 23:23:37,958 - resultados2/crossref_log - INFO - [TIME] El tiempo que ha tardado es: 0:00:07.020405
2023-04-10 23:23:38,372 - resultados2/crossref_log - INFO - Extraccion de la revista JOURNAL OF INTELLIGENT & FUZZY SYSTEMS
2023-04-10 23:23:38,373 - resultados2/crossref_log - INFO - [TIME] Hora de comienzo.
2023-04-10 23:24:40,935 - resultados2/crossref_log - INFO - [TIME] La hora de finalizacion.
2023-04-10 23:24:40,936 - resultados2/crossref_log - INFO - [TIME] El tiempo que ha tardado es: 0:01:02.562493
2023-04-10 23:24:41,363 - resultados2/crossref_log - INFO - Extraccion de la revista ARTIFICIAL LIFE
2023-04-10 23:24:41,363 - resultados2/crossref_log - INFO - [TIME] Hora de comienzo.
2023-04-10 23:24:47,214 - resultados2/crossref_log - INFO - [TIME] La hora de finalizacion.
2023-04-10 23:24:47,214 - resultados2/crossref_log - INFO - [TIME] El tiempo que ha tardado es: 0:00:05.851512
2023-04-10 23:24:48,227 - resultados2/crossref_log - INFO - Extraccion de la revista Journal on Multimodal User Interfaces
2023-04-10 23:24:48,227 - resultados2/crossref_log - INFO - [TIME] Hora de comienzo.
2023-04-10 23:24:55,566 - resultados2/crossref_log - INFO - [TIME] La hora de finalizacion.
2023-04-10 23:24:55,566 - resultados2/crossref_log - INFO - [TIME] El tiempo que ha tardado es: 0:00:07.339183
2023-04-10 23:24:56,023 - resultados2/crossref_log - INFO - Extraccion de la revista AI EDAM-ARTIFICIAL INTELLIGENCE FOR ENGINEERING DESIGN ANALYSIS AND MANUFACTURING
2023-04-10 23:24:56,023 - resultados2/crossref_log - INFO - [TIME] Hora de comienzo.
2023-04-10 23:25:05,693 - resultados2/crossref_log - INFO - [TIME] La hora de finalizacion.
2023-04-10 23:25:05,693 - resultados2/crossref_log - INFO - [TIME] El tiempo que ha tardado es: 0:00:09.668799
2023-04-10 23:25:09,418 - resultados2/crossref_log - INFO - Extraccion de la revista JOURNAL OF MATHEMATICAL IMAGING AND VISION
2023-04-10 23:25:09,418 - resultados2/crossref_log - INFO - [TIME] Hora de comienzo.
2023-04-10 23:25:35,652 - resultados2/crossref_log - INFO - [TIME] La hora de finalizacion.
2023-04-10 23:25:35,652 - resultados2/crossref_log - INFO - [TIME] El tiempo que ha tardado es: 0:00:26.234006
2023-04-10 23:25:36,128 - resultados2/crossref_log - INFO - Extraccion de la revista Natural Computing
2023-04-10 23:25:36,129 - resultados2/crossref_log - INFO - [TIME] Hora de comienzo.
2023-04-10 23:25:44,355 - resultados2/crossref_log - INFO - [TIME] La hora de finalizacion.
2023-04-10 23:25:44,355 - resultados2/crossref_log - INFO - [TIME] El tiempo que ha tardado es: 0:00:08.225480
2023-04-10 23:25:44,805 - resultados2/crossref_log - INFO - Extraccion de la revista NETWORK-COMPUTATION IN NEURAL SYSTEMS
2023-04-10 23:25:44,805 - resultados2/crossref_log - INFO - [TIME] Hora de comienzo.
2023-04-10 23:25:54,639 - resultados2/crossref_log - INFO - [TIME] La hora de finalizacion.
2023-04-10 23:25:54,640 - resultados2/crossref_log - INFO - [TIME] El tiempo que ha tardado es: 0:00:09.833854
2023-04-10 23:25:56,316 - resultados2/crossref_log - INFO - Extraccion de la revista DATA & KNOWLEDGE ENGINEERING
2023-04-10 23:25:56,317 - resultados2/crossref_log - INFO - [TIME] Hora de comienzo.
2023-04-10 23:26:08,016 - resultados2/crossref_log - INFO - [TIME] La hora de finalizacion.
2023-04-10 23:26:08,016 - resultados2/crossref_log - INFO - [TIME] El tiempo que ha tardado es: 0:00:11.699335
2023-04-10 23:26:08,468 - resultados2/crossref_log - INFO - Extraccion de la revista IET Computer Vision
2023-04-10 23:26:08,468 - resultados2/crossref_log - INFO - [TIME] Hora de comienzo.
2023-04-10 23:26:13,168 - resultados2/crossref_log - INFO - [TIME] La hora de finalizacion.
2023-04-10 23:26:13,168 - resultados2/crossref_log - INFO - [TIME] El tiempo que ha tardado es: 0:00:04.699709
2023-04-10 23:26:13,647 - resultados2/crossref_log - INFO - Extraccion de la revista International Journal on Semantic Web and Information Systems
2023-04-10 23:26:13,647 - resultados2/crossref_log - INFO - [TIME] Hora de comienzo.
2023-04-10 23:26:15,345 - resultados2/crossref_log - INFO - [TIME] La hora de finalizacion.
2023-04-10 23:26:15,345 - resultados2/crossref_log - INFO - [TIME] El tiempo que ha tardado es: 0:00:01.697925
2023-04-10 23:26:15,756 - resultados2/crossref_log - INFO - Extraccion de la revista ACM Transactions on Asian and Low-Resource Language Information Processing
2023-04-10 23:26:15,756 - resultados2/crossref_log - INFO - [TIME] Hora de comienzo.
2023-04-10 23:26:23,845 - resultados2/crossref_log - INFO - [TIME] La hora de finalizacion.
2023-04-10 23:26:23,845 - resultados2/crossref_log - INFO - [TIME] El tiempo que ha tardado es: 0:00:08.089331
2023-04-10 23:26:24,267 - resultados2/crossref_log - INFO - Extraccion de la revista Applied Ontology
2023-04-10 23:26:24,267 - resultados2/crossref_log - INFO - [TIME] Hora de comienzo.
2023-04-10 23:26:30,884 - resultados2/crossref_log - INFO - [TIME] La hora de finalizacion.
2023-04-10 23:26:30,884 - resultados2/crossref_log - INFO - [TIME] El tiempo que ha tardado es: 0:00:06.617413
2023-04-10 23:26:31,352 - resultados2/crossref_log - INFO - Extraccion de la revista Intelligent Data Analysis
2023-04-10 23:26:31,352 - resultados2/crossref_log - INFO - [TIME] Hora de comienzo.
2023-04-10 23:26:49,551 - resultados2/crossref_log - INFO - [TIME] La hora de finalizacion.
2023-04-10 23:26:49,551 - resultados2/crossref_log - INFO - [TIME] El tiempo que ha tardado es: 0:00:18.198669
2023-04-10 23:26:50,000 - resultados2/crossref_log - INFO - Extraccion de la revista Neural Network World
2023-04-10 23:26:50,000 - resultados2/crossref_log - INFO - [TIME] Hora de comienzo.
2023-04-10 23:27:03,792 - resultados2/crossref_log - INFO - [TIME] La hora de finalizacion.
2023-04-10 23:27:03,792 - resultados2/crossref_log - INFO - [TIME] El tiempo que ha tardado es: 0:00:13.792071
2023-04-10 23:27:04,286 - resultados2/crossref_log - INFO - Extraccion de la revista INTERNATIONAL JOURNAL OF PATTERN RECOGNITION AND ARTIFICIAL INTELLIGENCE
2023-04-10 23:27:04,286 - resultados2/crossref_log - INFO - [TIME] Hora de comienzo.
2023-04-10 23:27:44,582 - resultados2/crossref_log - INFO - [TIME] La hora de finalizacion.
2023-04-10 23:27:44,582 - resultados2/crossref_log - INFO - [TIME] El tiempo que ha tardado es: 0:00:40.296290
2023-04-10 23:27:47,729 - resultados2/crossref_log - INFO - Extraccion de la revista Statistical Analysis and Data Mining
2023-04-10 23:27:47,729 - resultados2/crossref_log - INFO - [TIME] Hora de comienzo.
2023-04-10 23:27:54,864 - resultados2/crossref_log - INFO - [TIME] La hora de finalizacion.
2023-04-10 23:27:54,864 - resultados2/crossref_log - INFO - [TIME] El tiempo que ha tardado es: 0:00:07.135306
2023-04-10 23:27:55,297 - resultados2/crossref_log - INFO - Extraccion de la revista IEEE Transactions on Games
2023-04-10 23:27:55,297 - resultados2/crossref_log - INFO - [TIME] Hora de comienzo.
2023-04-10 23:28:03,240 - resultados2/crossref_log - INFO - [TIME] La hora de finalizacion.
2023-04-10 23:28:03,240 - resultados2/crossref_log - INFO - [TIME] El tiempo que ha tardado es: 0:00:07.942710
2023-04-10 23:28:03,736 - resultados2/crossref_log - INFO - Extraccion de la revista JOURNAL OF AUTOMATED REASONING
2023-04-10 23:28:03,736 - resultados2/crossref_log - INFO - [TIME] Hora de comienzo.
2023-04-10 23:28:13,269 - resultados2/crossref_log - INFO - [TIME] La hora de finalizacion.
2023-04-10 23:28:13,269 - resultados2/crossref_log - INFO - [TIME] El tiempo que ha tardado es: 0:00:09.532929
2023-04-10 23:28:13,729 - resultados2/crossref_log - INFO - Extraccion de la revista International Journal on Artificial Intelligence Tools
2023-04-10 23:28:13,729 - resultados2/crossref_log - INFO - [TIME] Hora de comienzo.
2023-04-10 23:28:19,124 - resultados2/crossref_log - INFO - [TIME] La hora de finalizacion.
2023-04-10 23:28:19,124 - resultados2/crossref_log - INFO - [TIME] El tiempo que ha tardado es: 0:00:05.394358
2023-04-10 23:28:19,623 - resultados2/crossref_log - INFO - Extraccion de la revista AI COMMUNICATIONS
2023-04-10 23:28:19,624 - resultados2/crossref_log - INFO - [TIME] Hora de comienzo.
2023-04-10 23:28:25,935 - resultados2/crossref_log - INFO - [TIME] La hora de finalizacion.
2023-04-10 23:28:25,935 - resultados2/crossref_log - INFO - [TIME] El tiempo que ha tardado es: 0:00:06.310971
2023-04-10 23:28:26,404 - resultados2/crossref_log - INFO - Extraccion de la revista INTERNATIONAL JOURNAL OF UNCERTAINTY FUZZINESS AND KNOWLEDGE-BASED SYSTEMS
2023-04-10 23:28:26,404 - resultados2/crossref_log - INFO - [TIME] Hora de comienzo.
2023-04-10 23:28:40,186 - resultados2/crossref_log - INFO - [TIME] La hora de finalizacion.
2023-04-10 23:28:40,186 - resultados2/crossref_log - INFO - [TIME] El tiempo que ha tardado es: 0:00:13.782156
2023-04-10 23:28:40,645 - resultados2/crossref_log - INFO - Extraccion de la revista ANNALS OF MATHEMATICS AND ARTIFICIAL INTELLIGENCE
2023-04-10 23:28:40,645 - resultados2/crossref_log - INFO - [TIME] Hora de comienzo.
2023-04-10 23:28:45,243 - resultados2/crossref_log - INFO - [TIME] La hora de finalizacion.
2023-04-10 23:28:45,243 - resultados2/crossref_log - INFO - [TIME] El tiempo que ha tardado es: 0:00:04.597135
2023-04-10 23:28:45,677 - resultados2/crossref_log - INFO - Extraccion de la revista INTERNATIONAL JOURNAL OF SOFTWARE ENGINEERING AND KNOWLEDGE ENGINEERING
2023-04-10 23:28:45,677 - resultados2/crossref_log - INFO - [TIME] Hora de comienzo.
2023-04-10 23:28:58,707 - resultados2/crossref_log - INFO - [TIME] La hora de finalizacion.
2023-04-10 23:28:58,707 - resultados2/crossref_log - INFO - [TIME] El tiempo que ha tardado es: 0:00:13.029799
2023-04-10 23:28:59,186 - resultados2/crossref_log - INFO - Extraccion de la revista International Arab Journal of Information Technology
2023-04-10 23:28:59,186 - resultados2/crossref_log - INFO - [TIME] Hora de comienzo.
2023-04-10 23:29:07,846 - resultados2/crossref_log - INFO - [TIME] La hora de finalizacion.
2023-04-10 23:29:07,846 - resultados2/crossref_log - INFO - [TIME] El tiempo que ha tardado es: 0:00:08.659985
2023-04-10 23:29:08,276 - resultados2/crossref_log - INFO - Extraccion de la revista Turkish Journal of Electrical Engineering and Computer Sciences
2023-04-10 23:29:08,276 - resultados2/crossref_log - INFO - [TIME] Hora de comienzo.
2023-04-10 23:29:18,312 - resultados2/crossref_log - INFO - [TIME] La hora de finalizacion.
2023-04-10 23:29:18,312 - resultados2/crossref_log - INFO - [TIME] El tiempo que ha tardado es: 0:00:10.036279
2023-04-10 23:29:19,671 - resultados2/crossref_log - INFO - Extraccion de la revista Advances in Electrical and Computer Engineering
2023-04-10 23:29:19,672 - resultados2/crossref_log - INFO - [TIME] Hora de comienzo.
2023-04-10 23:29:37,778 - resultados2/crossref_log - INFO - [TIME] La hora de finalizacion.
2023-04-10 23:29:37,778 - resultados2/crossref_log - INFO - [TIME] El tiempo que ha tardado es: 0:00:18.106812
2023-04-10 23:29:38,236 - resultados2/crossref_log - INFO - Extraccion de la revista Information Technology and Control
2023-04-10 23:29:38,236 - resultados2/crossref_log - INFO - [TIME] Hora de comienzo.
2023-04-10 23:29:44,928 - resultados2/crossref_log - INFO - [TIME] La hora de finalizacion.
2023-04-10 23:29:44,929 - resultados2/crossref_log - INFO - [TIME] El tiempo que ha tardado es: 0:00:06.691302
2023-04-10 23:29:45,351 - resultados2/crossref_log - ERROR - Error para "JOURNAL OF MULTIPLE-VALUED LOGIC AND SOFT COMPUTING" al realizar la solicitud: 404
2023-04-10 23:29:45,795 - resultados2/crossref_log - INFO - Extraccion de la revista JOURNAL OF COMPUTER AND SYSTEMS SCIENCES INTERNATIONAL
2023-04-10 23:29:45,795 - resultados2/crossref_log - INFO - [TIME] Hora de comienzo.
2023-04-10 23:29:50,408 - resultados2/crossref_log - INFO - [TIME] La hora de finalizacion.
2023-04-10 23:29:50,408 - resultados2/crossref_log - INFO - [TIME] El tiempo que ha tardado es: 0:00:04.613129
2023-04-10 23:29:50,855 - resultados2/crossref_log - INFO - Extraccion de la revista Journal of Logic Language and Information
2023-04-10 23:29:50,856 - resultados2/crossref_log - INFO - [TIME] Hora de comienzo.
2023-04-10 23:30:01,060 - resultados2/crossref_log - INFO - [TIME] La hora de finalizacion.
2023-04-10 23:30:01,061 - resultados2/crossref_log - INFO - [TIME] El tiempo que ha tardado es: 0:00:10.204294
2023-04-10 23:30:04,568 - resultados2/crossref_log - INFO - Extraccion de la revista CONSTRAINTS
2023-04-10 23:30:04,569 - resultados2/crossref_log - INFO - [TIME] Hora de comienzo.
2023-04-10 23:30:22,053 - resultados2/crossref_log - INFO - [TIME] La hora de finalizacion.
2023-04-10 23:30:22,053 - resultados2/crossref_log - INFO - [TIME] El tiempo que ha tardado es: 0:00:17.484692
2023-04-10 23:30:26,846 - resultados2/crossref_log - INFO - Extraccion de la revista COMPUTING AND INFORMATICS
2023-04-10 23:30:26,847 - resultados2/crossref_log - INFO - [TIME] Hora de comienzo.
2023-04-10 23:30:34,279 - resultados2/crossref_log - INFO - [TIME] La hora de finalizacion.
2023-04-10 23:30:34,279 - resultados2/crossref_log - INFO - [TIME] El tiempo que ha tardado es: 0:00:07.432128
2023-04-10 23:30:34,729 - resultados2/crossref_log - INFO - Extraccion de la revista Malaysian Journal of Computer Science
2023-04-10 23:30:34,729 - resultados2/crossref_log - INFO - [TIME] Hora de comienzo.
2023-04-10 23:30:44,284 - resultados2/crossref_log - INFO - [TIME] La hora de finalizacion.
2023-04-10 23:30:44,284 - resultados2/crossref_log - INFO - [TIME] El tiempo que ha tardado es: 0:00:09.554068
2023-04-10 23:30:47,158 - resultados2/crossref_log - INFO - Extraccion de la revista CONNECTION SCIENCE
2023-04-10 23:30:47,158 - resultados2/crossref_log - INFO - [TIME] Hora de comienzo.
2023-04-10 23:30:55,148 - resultados2/crossref_log - INFO - [TIME] La hora de finalizacion.
2023-04-10 23:30:55,148 - resultados2/crossref_log - INFO - [TIME] El tiempo que ha tardado es: 0:00:07.990240
